<?xml version="1.0" encoding="UTF-8"?>
<testsuites>
  <testsuite name="/data/docker/opendesa/OpenDK/phpunit.xml" tests="356" assertions="945" errors="0" failures="0" skipped="0" time="39.779065">
    <testsuite name="Unit" tests="356" assertions="945" errors="0" failures="0" skipped="0" time="39.779065">
      <testsuite name="Tests\Unit\Database\TransactionTest" file="tests/Unit/Database/TransactionTest.php" tests="18" assertions="37" errors="0" failures="0" skipped="0" time="4.630960">
        <testcase name="it can commit successful transaction" file="tests/Unit/Database/TransactionTest.php::it can commit successful transaction" class="Tests\Unit\Database\TransactionTest" classname="Tests.Unit.Database.TransactionTest" assertions="1" time="0.771085"/>
        <testcase name="it can rollback failed transaction" file="tests/Unit/Database/TransactionTest.php::it can rollback failed transaction" class="Tests\Unit\Database\TransactionTest" classname="Tests.Unit.Database.TransactionTest" assertions="1" time="0.073373"/>
        <testcase name="it can handle nested transactions" file="tests/Unit/Database/TransactionTest.php::it can handle nested transactions" class="Tests\Unit\Database\TransactionTest" classname="Tests.Unit.Database.TransactionTest" assertions="1" time="0.152315"/>
        <testcase name="it can rollback nested transactions" file="tests/Unit/Database/TransactionTest.php::it can rollback nested transactions" class="Tests\Unit\Database\TransactionTest" classname="Tests.Unit.Database.TransactionTest" assertions="1" time="0.175364"/>
        <testcase name="it can create related models within transaction" file="tests/Unit/Database/TransactionTest.php::it can create related models within transaction" class="Tests\Unit\Database\TransactionTest" classname="Tests.Unit.Database.TransactionTest" assertions="1" time="0.336708"/>
        <testcase name="it can rollback related models creation" file="tests/Unit/Database/TransactionTest.php::it can rollback related models creation" class="Tests\Unit\Database\TransactionTest" classname="Tests.Unit.Database.TransactionTest" assertions="2" time="0.341047"/>
        <testcase name="it can update models within transaction" file="tests/Unit/Database/TransactionTest.php::it can update models within transaction" class="Tests\Unit\Database\TransactionTest" classname="Tests.Unit.Database.TransactionTest" assertions="2" time="0.248267"/>
        <testcase name="it can rollback model updates" file="tests/Unit/Database/TransactionTest.php::it can rollback model updates" class="Tests\Unit\Database\TransactionTest" classname="Tests.Unit.Database.TransactionTest" assertions="1" time="0.237496"/>
        <testcase name="it can delete models within transaction" file="tests/Unit/Database/TransactionTest.php::it can delete models within transaction" class="Tests\Unit\Database\TransactionTest" classname="Tests.Unit.Database.TransactionTest" assertions="3" time="0.158286"/>
        <testcase name="it can rollback model deletions" file="tests/Unit/Database/TransactionTest.php::it can rollback model deletions" class="Tests\Unit\Database\TransactionTest" classname="Tests.Unit.Database.TransactionTest" assertions="2" time="0.104087"/>
        <testcase name="it can handle complex multi-model operations" file="tests/Unit/Database/TransactionTest.php::it can handle complex multi-model operations" class="Tests\Unit\Database\TransactionTest" classname="Tests.Unit.Database.TransactionTest" assertions="4" time="0.214624"/>
        <testcase name="it can rollback complex multi-model operations" file="tests/Unit/Database/TransactionTest.php::it can rollback complex multi-model operations" class="Tests\Unit\Database\TransactionTest" classname="Tests.Unit.Database.TransactionTest" assertions="4" time="0.369938"/>
        <testcase name="it maintains data consistency during concurrent operations" file="tests/Unit/Database/TransactionTest.php::it maintains data consistency during concurrent operations" class="Tests\Unit\Database\TransactionTest" classname="Tests.Unit.Database.TransactionTest" assertions="3" time="0.174701"/>
        <testcase name="it handles potential deadlocks gracefully" file="tests/Unit/Database/TransactionTest.php::it handles potential deadlocks gracefully" class="Tests\Unit\Database\TransactionTest" classname="Tests.Unit.Database.TransactionTest" assertions="3" time="0.179862"/>
        <testcase name="it logs transaction activities" file="tests/Unit/Database/TransactionTest.php::it logs transaction activities" class="Tests\Unit\Database\TransactionTest" classname="Tests.Unit.Database.TransactionTest" assertions="1" time="0.095221"/>
        <testcase name="it handles large transactions efficiently" file="tests/Unit/Database/TransactionTest.php::it handles large transactions efficiently" class="Tests\Unit\Database\TransactionTest" classname="Tests.Unit.Database.TransactionTest" assertions="5" time="0.691624"/>
        <testcase name="it handles external service calls within transactions" file="tests/Unit/Database/TransactionTest.php::it handles external service calls within transactions" class="Tests\Unit\Database\TransactionTest" classname="Tests.Unit.Database.TransactionTest" assertions="1" time="0.186906"/>
        <testcase name="it rolls back when external service fails" file="tests/Unit/Database/TransactionTest.php::it rolls back when external service fails" class="Tests\Unit\Database\TransactionTest" classname="Tests.Unit.Database.TransactionTest" assertions="1" time="0.120055"/>
      </testsuite>
      <testsuite name="Tests\Unit\ExampleTest" file="tests/Unit/ExampleTest.php" tests="1" assertions="1" errors="0" failures="0" skipped="0" time="0.226634">
        <testcase name="basic example returns true" file="tests/Unit/ExampleTest.php::basic example returns true" class="Tests\Unit\ExampleTest" classname="Tests.Unit.ExampleTest" assertions="1" time="0.226634"/>
      </testsuite>
      <testsuite name="Tests\Unit\FileUploadServiceTest" file="tests/Unit/FileUploadServiceTest.php" tests="5" assertions="9" errors="0" failures="0" skipped="0" time="0.746940">
        <testcase name="`FileUploadService` → dapat upload file dengan aman" file="tests/Unit/FileUploadServiceTest.php::`FileUploadService` → dapat upload file dengan aman" class="Tests\Unit\FileUploadServiceTest" classname="Tests.Unit.FileUploadServiceTest" assertions="2" time="0.145203"/>
        <testcase name="`FileUploadService` → menolak file dengan MIME type tidak diizinkan" file="tests/Unit/FileUploadServiceTest.php::`FileUploadService` → menolak file dengan MIME type tidak diizinkan" class="Tests\Unit\FileUploadServiceTest" classname="Tests.Unit.FileUploadServiceTest" assertions="1" time="0.121136"/>
        <testcase name="`FileUploadService` → menolak file yang terlalu besar" file="tests/Unit/FileUploadServiceTest.php::`FileUploadService` → menolak file yang terlalu besar" class="Tests\Unit\FileUploadServiceTest" classname="Tests.Unit.FileUploadServiceTest" assertions="1" time="0.246668"/>
        <testcase name="`FileUploadService` → generate filename yang aman" file="tests/Unit/FileUploadServiceTest.php::`FileUploadService` → generate filename yang aman" class="Tests\Unit\FileUploadServiceTest" classname="Tests.Unit.FileUploadServiceTest" assertions="2" time="0.121606"/>
        <testcase name="`FileUploadService` → dapat upload multiple files" file="tests/Unit/FileUploadServiceTest.php::`FileUploadService` → dapat upload multiple files" class="Tests\Unit\FileUploadServiceTest" classname="Tests.Unit.FileUploadServiceTest" assertions="3" time="0.112327"/>
      </testsuite>
      <testsuite name="Tests\Unit\Models\AgamaTest" file="tests/Unit/Models/AgamaTest.php" tests="7" assertions="11" errors="0" failures="0" skipped="0" time="0.820063">
        <testcase name="it can create an agama" file="tests/Unit/Models/AgamaTest.php::it can create an agama" class="Tests\Unit\Models\AgamaTest" classname="Tests.Unit.Models.AgamaTest" assertions="2" time="0.176817"/>
        <testcase name="it has fillable attributes" file="tests/Unit/Models/AgamaTest.php::it has fillable attributes" class="Tests\Unit\Models\AgamaTest" classname="Tests.Unit.Models.AgamaTest" assertions="1" time="0.150579"/>
        <testcase name="it has timestamps disabled" file="tests/Unit/Models/AgamaTest.php::it has timestamps disabled" class="Tests\Unit\Models\AgamaTest" classname="Tests.Unit.Models.AgamaTest" assertions="2" time="0.126459"/>
        <testcase name="it has correct table name" file="tests/Unit/Models/AgamaTest.php::it has correct table name" class="Tests\Unit\Models\AgamaTest" classname="Tests.Unit.Models.AgamaTest" assertions="1" time="0.115893"/>
        <testcase name="it handles unique constraint on nama" file="tests/Unit/Models/AgamaTest.php::it handles unique constraint on nama" class="Tests\Unit\Models\AgamaTest" classname="Tests.Unit.Models.AgamaTest" assertions="1" time="0.084172"/>
        <testcase name="it can handle null values for optional fields" file="tests/Unit/Models/AgamaTest.php::it can handle null values for optional fields" class="Tests\Unit\Models\AgamaTest" classname="Tests.Unit.Models.AgamaTest" assertions="2" time="0.075422"/>
        <testcase name="it can query agama with complex filters" file="tests/Unit/Models/AgamaTest.php::it can query agama with complex filters" class="Tests\Unit\Models\AgamaTest" classname="Tests.Unit.Models.AgamaTest" assertions="2" time="0.090722"/>
      </testsuite>
      <testsuite name="Tests\Unit\Models\CacatTest" file="tests/Unit/Models/CacatTest.php" tests="7" assertions="11" errors="0" failures="0" skipped="0" time="0.851308">
        <testcase name="it can create a cacat" file="tests/Unit/Models/CacatTest.php::it can create a cacat" class="Tests\Unit\Models\CacatTest" classname="Tests.Unit.Models.CacatTest" assertions="2" time="0.217717"/>
        <testcase name="it has fillable attributes" file="tests/Unit/Models/CacatTest.php::it has fillable attributes" class="Tests\Unit\Models\CacatTest" classname="Tests.Unit.Models.CacatTest" assertions="1" time="0.088728"/>
        <testcase name="it has timestamps disabled" file="tests/Unit/Models/CacatTest.php::it has timestamps disabled" class="Tests\Unit\Models\CacatTest" classname="Tests.Unit.Models.CacatTest" assertions="2" time="0.080946"/>
        <testcase name="it has correct table name" file="tests/Unit/Models/CacatTest.php::it has correct table name" class="Tests\Unit\Models\CacatTest" classname="Tests.Unit.Models.CacatTest" assertions="1" time="0.106959"/>
        <testcase name="it handles unique constraint on nama" file="tests/Unit/Models/CacatTest.php::it handles unique constraint on nama" class="Tests\Unit\Models\CacatTest" classname="Tests.Unit.Models.CacatTest" assertions="1" time="0.181976"/>
        <testcase name="it can handle null values for optional fields" file="tests/Unit/Models/CacatTest.php::it can handle null values for optional fields" class="Tests\Unit\Models\CacatTest" classname="Tests.Unit.Models.CacatTest" assertions="2" time="0.084012"/>
        <testcase name="it can query cacat with complex filters" file="tests/Unit/Models/CacatTest.php::it can query cacat with complex filters" class="Tests\Unit\Models\CacatTest" classname="Tests.Unit.Models.CacatTest" assertions="2" time="0.090971"/>
      </testsuite>
      <testsuite name="Tests\Unit\Models\DataDesaTest" file="tests/Unit/Models/DataDesaTest.php" tests="7" assertions="17" errors="0" failures="0" skipped="0" time="0.998910">
        <testcase name="it can create a data desa" file="tests/Unit/Models/DataDesaTest.php::it can create a data desa" class="Tests\Unit\Models\DataDesaTest" classname="Tests.Unit.Models.DataDesaTest" assertions="4" time="0.135268"/>
        <testcase name="it has fillable attributes" file="tests/Unit/Models/DataDesaTest.php::it has fillable attributes" class="Tests\Unit\Models\DataDesaTest" classname="Tests.Unit.Models.DataDesaTest" assertions="6" time="0.094633"/>
        <testcase name="it has timestamps enabled" file="tests/Unit/Models/DataDesaTest.php::it has timestamps enabled" class="Tests\Unit\Models\DataDesaTest" classname="Tests.Unit.Models.DataDesaTest" assertions="2" time="0.194820"/>
        <testcase name="it has keluarga relationship" file="tests/Unit/Models/DataDesaTest.php::it has keluarga relationship" class="Tests\Unit\Models\DataDesaTest" classname="Tests.Unit.Models.DataDesaTest" assertions="1" time="0.219675"/>
        <testcase name="it has penduduk relationship" file="tests/Unit/Models/DataDesaTest.php::it has penduduk relationship" class="Tests\Unit\Models\DataDesaTest" classname="Tests.Unit.Models.DataDesaTest" assertions="1" time="0.182120"/>
        <testcase name="it can be filtered by nama" file="tests/Unit/Models/DataDesaTest.php::it can be filtered by nama" class="Tests\Unit\Models\DataDesaTest" classname="Tests.Unit.Models.DataDesaTest" assertions="2" time="0.085119"/>
        <testcase name="it has correct table name" file="tests/Unit/Models/DataDesaTest.php::it has correct table name" class="Tests\Unit\Models\DataDesaTest" classname="Tests.Unit.Models.DataDesaTest" assertions="1" time="0.087275"/>
      </testsuite>
      <testsuite name="Tests\Unit\Models\GolonganDarahTest" file="tests/Unit/Models/GolonganDarahTest.php" tests="7" assertions="11" errors="0" failures="0" skipped="0" time="0.843608">
        <testcase name="it can create a golongan darah" file="tests/Unit/Models/GolonganDarahTest.php::it can create a golongan darah" class="Tests\Unit\Models\GolonganDarahTest" classname="Tests.Unit.Models.GolonganDarahTest" assertions="2" time="0.205725"/>
        <testcase name="it has fillable attributes" file="tests/Unit/Models/GolonganDarahTest.php::it has fillable attributes" class="Tests\Unit\Models\GolonganDarahTest" classname="Tests.Unit.Models.GolonganDarahTest" assertions="1" time="0.141497"/>
        <testcase name="it has timestamps disabled" file="tests/Unit/Models/GolonganDarahTest.php::it has timestamps disabled" class="Tests\Unit\Models\GolonganDarahTest" classname="Tests.Unit.Models.GolonganDarahTest" assertions="2" time="0.097015"/>
        <testcase name="it has correct table name" file="tests/Unit/Models/GolonganDarahTest.php::it has correct table name" class="Tests\Unit\Models\GolonganDarahTest" classname="Tests.Unit.Models.GolonganDarahTest" assertions="1" time="0.092288"/>
        <testcase name="it handles unique constraint on nama" file="tests/Unit/Models/GolonganDarahTest.php::it handles unique constraint on nama" class="Tests\Unit\Models\GolonganDarahTest" classname="Tests.Unit.Models.GolonganDarahTest" assertions="1" time="0.110089"/>
        <testcase name="it can handle null values for optional fields" file="tests/Unit/Models/GolonganDarahTest.php::it can handle null values for optional fields" class="Tests\Unit\Models\GolonganDarahTest" classname="Tests.Unit.Models.GolonganDarahTest" assertions="2" time="0.105426"/>
        <testcase name="it can query golongan darah with complex filters" file="tests/Unit/Models/GolonganDarahTest.php::it can query golongan darah with complex filters" class="Tests\Unit\Models\GolonganDarahTest" classname="Tests.Unit.Models.GolonganDarahTest" assertions="2" time="0.091567"/>
      </testsuite>
      <testsuite name="Tests\Unit\Models\HubunganKeluargaTest" file="tests/Unit/Models/HubunganKeluargaTest.php" tests="6" assertions="10" errors="0" failures="0" skipped="0" time="0.713497">
        <testcase name="it can create a hubungan keluarga" file="tests/Unit/Models/HubunganKeluargaTest.php::it can create a hubungan keluarga" class="Tests\Unit\Models\HubunganKeluargaTest" classname="Tests.Unit.Models.HubunganKeluargaTest" assertions="2" time="0.192580"/>
        <testcase name="it has fillable attributes" file="tests/Unit/Models/HubunganKeluargaTest.php::it has fillable attributes" class="Tests\Unit\Models\HubunganKeluargaTest" classname="Tests.Unit.Models.HubunganKeluargaTest" assertions="1" time="0.085671"/>
        <testcase name="it has timestamps disabled" file="tests/Unit/Models/HubunganKeluargaTest.php::it has timestamps disabled" class="Tests\Unit\Models\HubunganKeluargaTest" classname="Tests.Unit.Models.HubunganKeluargaTest" assertions="2" time="0.135618"/>
        <testcase name="it has correct table name" file="tests/Unit/Models/HubunganKeluargaTest.php::it has correct table name" class="Tests\Unit\Models\HubunganKeluargaTest" classname="Tests.Unit.Models.HubunganKeluargaTest" assertions="1" time="0.128481"/>
        <testcase name="it can handle null values for optional fields" file="tests/Unit/Models/HubunganKeluargaTest.php::it can handle null values for optional fields" class="Tests\Unit\Models\HubunganKeluargaTest" classname="Tests.Unit.Models.HubunganKeluargaTest" assertions="2" time="0.080503"/>
        <testcase name="it can query hubungan keluarga with complex filters" file="tests/Unit/Models/HubunganKeluargaTest.php::it can query hubungan keluarga with complex filters" class="Tests\Unit\Models\HubunganKeluargaTest" classname="Tests.Unit.Models.HubunganKeluargaTest" assertions="2" time="0.090644"/>
      </testsuite>
      <testsuite name="Tests\Unit\Models\KawinTest" file="tests/Unit/Models/KawinTest.php" tests="6" assertions="10" errors="0" failures="0" skipped="0" time="0.697203">
        <testcase name="it can create a kawin" file="tests/Unit/Models/KawinTest.php::it can create a kawin" class="Tests\Unit\Models\KawinTest" classname="Tests.Unit.Models.KawinTest" assertions="2" time="0.138880"/>
        <testcase name="it has fillable attributes" file="tests/Unit/Models/KawinTest.php::it has fillable attributes" class="Tests\Unit\Models\KawinTest" classname="Tests.Unit.Models.KawinTest" assertions="1" time="0.100771"/>
        <testcase name="it has timestamps disabled" file="tests/Unit/Models/KawinTest.php::it has timestamps disabled" class="Tests\Unit\Models\KawinTest" classname="Tests.Unit.Models.KawinTest" assertions="2" time="0.081162"/>
        <testcase name="it has correct table name" file="tests/Unit/Models/KawinTest.php::it has correct table name" class="Tests\Unit\Models\KawinTest" classname="Tests.Unit.Models.KawinTest" assertions="1" time="0.117317"/>
        <testcase name="it can handle null values for optional fields" file="tests/Unit/Models/KawinTest.php::it can handle null values for optional fields" class="Tests\Unit\Models\KawinTest" classname="Tests.Unit.Models.KawinTest" assertions="2" time="0.073774"/>
        <testcase name="it can query kawin with complex filters" file="tests/Unit/Models/KawinTest.php::it can query kawin with complex filters" class="Tests\Unit\Models\KawinTest" classname="Tests.Unit.Models.KawinTest" assertions="2" time="0.185299"/>
      </testsuite>
      <testsuite name="Tests\Unit\Models\KeluargaTest" file="tests/Unit/Models/KeluargaTest.php" tests="18" assertions="46" errors="0" failures="0" skipped="0" time="4.135980">
        <testcase name="it can create a keluarga" file="tests/Unit/Models/KeluargaTest.php::it can create a keluarga" class="Tests\Unit\Models\KeluargaTest" classname="Tests.Unit.Models.KeluargaTest" assertions="4" time="0.250463"/>
        <testcase name="it has fillable attributes" file="tests/Unit/Models/KeluargaTest.php::it has fillable attributes" class="Tests\Unit\Models\KeluargaTest" classname="Tests.Unit.Models.KeluargaTest" assertions="9" time="0.109521"/>
        <testcase name="it has timestamps enabled" file="tests/Unit/Models/KeluargaTest.php::it has timestamps enabled" class="Tests\Unit\Models\KeluargaTest" classname="Tests.Unit.Models.KeluargaTest" assertions="2" time="0.131086"/>
        <testcase name="it has correct table name" file="tests/Unit/Models/KeluargaTest.php::it has correct table name" class="Tests\Unit\Models\KeluargaTest" classname="Tests.Unit.Models.KeluargaTest" assertions="1" time="0.083999"/>
        <testcase name="it has cluster relationship" file="tests/Unit/Models/KeluargaTest.php::it has cluster relationship" class="Tests\Unit\Models\KeluargaTest" classname="Tests.Unit.Models.KeluargaTest" assertions="1" time="0.178816"/>
        <testcase name="it has kepala_kk relationship" file="tests/Unit/Models/KeluargaTest.php::it has kepala_kk relationship" class="Tests\Unit\Models\KeluargaTest" classname="Tests.Unit.Models.KeluargaTest" assertions="1" time="0.159149"/>
        <testcase name="it has desa relationship" file="tests/Unit/Models/KeluargaTest.php::it has desa relationship" class="Tests\Unit\Models\KeluargaTest" classname="Tests.Unit.Models.KeluargaTest" assertions="1" time="0.255660"/>
        <testcase name="it can be filtered by desa_id" file="tests/Unit/Models/KeluargaTest.php::it can be filtered by desa_id" class="Tests\Unit\Models\KeluargaTest" classname="Tests.Unit.Models.KeluargaTest" assertions="2" time="0.141079"/>
        <testcase name="it can be filtered by dusun" file="tests/Unit/Models/KeluargaTest.php::it can be filtered by dusun" class="Tests\Unit\Models\KeluargaTest" classname="Tests.Unit.Models.KeluargaTest" assertions="3" time="0.171033"/>
        <testcase name="it can be filtered by rt" file="tests/Unit/Models/KeluargaTest.php::it can be filtered by rt" class="Tests\Unit\Models\KeluargaTest" classname="Tests.Unit.Models.KeluargaTest" assertions="3" time="0.163171"/>
        <testcase name="it can be filtered by rw" file="tests/Unit/Models/KeluargaTest.php::it can be filtered by rw" class="Tests\Unit\Models\KeluargaTest" classname="Tests.Unit.Models.KeluargaTest" assertions="3" time="0.536766"/>
        <testcase name="it can handle date fields correctly" file="tests/Unit/Models/KeluargaTest.php::it can handle date fields correctly" class="Tests\Unit\Models\KeluargaTest" classname="Tests.Unit.Models.KeluargaTest" assertions="2" time="0.355339"/>
        <testcase name="it can handle unique no_kk constraint" file="tests/Unit/Models/KeluargaTest.php::it can handle unique no_kk constraint" class="Tests\Unit\Models\KeluargaTest" classname="Tests.Unit.Models.KeluargaTest" assertions="1" time="0.272367"/>
        <testcase name="it can handle multiple families with same kepala_kk" file="tests/Unit/Models/KeluargaTest.php::it can handle multiple families with same kepala_kk" class="Tests\Unit\Models\KeluargaTest" classname="Tests.Unit.Models.KeluargaTest" assertions="1" time="0.256697"/>
        <testcase name="it has default values for certain fields" file="tests/Unit/Models/KeluargaTest.php::it has default values for certain fields" class="Tests\Unit\Models\KeluargaTest" classname="Tests.Unit.Models.KeluargaTest" assertions="2" time="0.250009"/>
        <testcase name="it can handle null values for optional fields" file="tests/Unit/Models/KeluargaTest.php::it can handle null values for optional fields" class="Tests\Unit\Models\KeluargaTest" classname="Tests.Unit.Models.KeluargaTest" assertions="5" time="0.195642"/>
        <testcase name="it can query families with complex filters" file="tests/Unit/Models/KeluargaTest.php::it can query families with complex filters" class="Tests\Unit\Models\KeluargaTest" classname="Tests.Unit.Models.KeluargaTest" assertions="2" time="0.169520"/>
        <testcase name="it can handle relationships with penduduk" file="tests/Unit/Models/KeluargaTest.php::it can handle relationships with penduduk" class="Tests\Unit\Models\KeluargaTest" classname="Tests.Unit.Models.KeluargaTest" assertions="3" time="0.455663"/>
      </testsuite>
      <testsuite name="Tests\Unit\Models\ModelRelationshipsTest" file="tests/Unit/Models/ModelRelationshipsTest.php" tests="19" assertions="35" errors="0" failures="0" skipped="0" time="2.924048">
        <testcase name="it user has many otp tokens" file="tests/Unit/Models/ModelRelationshipsTest.php::it user has many otp tokens" class="Tests\Unit\Models\ModelRelationshipsTest" classname="Tests.Unit.Models.ModelRelationshipsTest" assertions="1" time="0.329961"/>
        <testcase name="it user belongs to roles" file="tests/Unit/Models/ModelRelationshipsTest.php::it user belongs to roles" class="Tests\Unit\Models\ModelRelationshipsTest" classname="Tests.Unit.Models.ModelRelationshipsTest" assertions="3" time="0.300880"/>
        <testcase name="it user has permissions through roles" file="tests/Unit/Models/ModelRelationshipsTest.php::it user has permissions through roles" class="Tests\Unit\Models\ModelRelationshipsTest" classname="Tests.Unit.Models.ModelRelationshipsTest" assertions="3" time="0.198578"/>
        <testcase name="it data desa has many penduduk" file="tests/Unit/Models/ModelRelationshipsTest.php::it data desa has many penduduk" class="Tests\Unit\Models\ModelRelationshipsTest" classname="Tests.Unit.Models.ModelRelationshipsTest" assertions="1" time="0.089062"/>
        <testcase name="it data desa has many keluarga" file="tests/Unit/Models/ModelRelationshipsTest.php::it data desa has many keluarga" class="Tests\Unit\Models\ModelRelationshipsTest" classname="Tests.Unit.Models.ModelRelationshipsTest" assertions="1" time="0.146592"/>
        <testcase name="it penduduk belongs to data desa" file="tests/Unit/Models/ModelRelationshipsTest.php::it penduduk belongs to data desa" class="Tests\Unit\Models\ModelRelationshipsTest" classname="Tests.Unit.Models.ModelRelationshipsTest" assertions="2" time="0.140653"/>
        <testcase name="it penduduk belongs to keluarga" file="tests/Unit/Models/ModelRelationshipsTest.php::it penduduk belongs to keluarga" class="Tests\Unit\Models\ModelRelationshipsTest" classname="Tests.Unit.Models.ModelRelationshipsTest" assertions="2" time="0.152214"/>
        <testcase name="it penduduk belongs to pekerjaan" file="tests/Unit/Models/ModelRelationshipsTest.php::it penduduk belongs to pekerjaan" class="Tests\Unit\Models\ModelRelationshipsTest" classname="Tests.Unit.Models.ModelRelationshipsTest" assertions="2" time="0.112510"/>
        <testcase name="it penduduk belongs to pendidikan kk" file="tests/Unit/Models/ModelRelationshipsTest.php::it penduduk belongs to pendidikan kk" class="Tests\Unit\Models\ModelRelationshipsTest" classname="Tests.Unit.Models.ModelRelationshipsTest" assertions="2" time="0.117631"/>
        <testcase name="it penduduk belongs to status kawin" file="tests/Unit/Models/ModelRelationshipsTest.php::it penduduk belongs to status kawin" class="Tests\Unit\Models\ModelRelationshipsTest" classname="Tests.Unit.Models.ModelRelationshipsTest" assertions="2" time="0.112671"/>
        <testcase name="it keluarga belongs to data desa" file="tests/Unit/Models/ModelRelationshipsTest.php::it keluarga belongs to data desa" class="Tests\Unit\Models\ModelRelationshipsTest" classname="Tests.Unit.Models.ModelRelationshipsTest" assertions="2" time="0.119847"/>
        <testcase name="it keluarga has one kepala keluarga" file="tests/Unit/Models/ModelRelationshipsTest.php::it keluarga has one kepala keluarga" class="Tests\Unit\Models\ModelRelationshipsTest" classname="Tests.Unit.Models.ModelRelationshipsTest" assertions="2" time="0.142907"/>
        <testcase name="it can traverse complex relationships" file="tests/Unit/Models/ModelRelationshipsTest.php::it can traverse complex relationships" class="Tests\Unit\Models\ModelRelationshipsTest" classname="Tests.Unit.Models.ModelRelationshipsTest" assertions="1" time="0.134254"/>
        <testcase name="it handles null relationships gracefully" file="tests/Unit/Models/ModelRelationshipsTest.php::it handles null relationships gracefully" class="Tests\Unit\Models\ModelRelationshipsTest" classname="Tests.Unit.Models.ModelRelationshipsTest" assertions="3" time="0.106104"/>
        <testcase name="it eager loads relationships efficiently" file="tests/Unit/Models/ModelRelationshipsTest.php::it eager loads relationships efficiently" class="Tests\Unit\Models\ModelRelationshipsTest" classname="Tests.Unit.Models.ModelRelationshipsTest" assertions="2" time="0.132763"/>
        <testcase name="it counts relationships correctly" file="tests/Unit/Models/ModelRelationshipsTest.php::it counts relationships correctly" class="Tests\Unit\Models\ModelRelationshipsTest" classname="Tests.Unit.Models.ModelRelationshipsTest" assertions="2" time="0.252215"/>
        <testcase name="it queries relationships with constraints" file="tests/Unit/Models/ModelRelationshipsTest.php::it queries relationships with constraints" class="Tests\Unit\Models\ModelRelationshipsTest" classname="Tests.Unit.Models.ModelRelationshipsTest" assertions="2" time="0.191607"/>
        <testcase name="it handles relationship deletion" file="tests/Unit/Models/ModelRelationshipsTest.php::it handles relationship deletion" class="Tests\Unit\Models\ModelRelationshipsTest" classname="Tests.Unit.Models.ModelRelationshipsTest" assertions="1" time="0.080831"/>
        <testcase name="it tests polymorphic relationships if they exist" file="tests/Unit/Models/ModelRelationshipsTest.php::it tests polymorphic relationships if they exist" class="Tests\Unit\Models\ModelRelationshipsTest" classname="Tests.Unit.Models.ModelRelationshipsTest" assertions="1" time="0.062769"/>
      </testsuite>
      <testsuite name="Tests\Unit\Models\ModelScopesTest" file="tests/Unit/Models/ModelScopesTest.php" tests="20" assertions="66" errors="0" failures="0" skipped="0" time="1.715774">
        <testcase name="it can filter users by role" file="tests/Unit/Models/ModelScopesTest.php::it can filter users by role" class="Tests\Unit\Models\ModelScopesTest" classname="Tests.Unit.Models.ModelScopesTest" assertions="6" time="0.156772"/>
        <testcase name="it can filter users by permission" file="tests/Unit/Models/ModelScopesTest.php::it can filter users by permission" class="Tests\Unit\Models\ModelScopesTest" classname="Tests.Unit.Models.ModelScopesTest" assertions="3" time="0.081370"/>
        <testcase name="it can filter penduduk by hidup scope" file="tests/Unit/Models/ModelScopesTest.php::it can filter penduduk by hidup scope" class="Tests\Unit\Models\ModelScopesTest" classname="Tests.Unit.Models.ModelScopesTest" assertions="3" time="0.099952"/>
        <testcase name="it can filter penduduk by sex" file="tests/Unit/Models/ModelScopesTest.php::it can filter penduduk by sex" class="Tests\Unit\Models\ModelScopesTest" classname="Tests.Unit.Models.ModelScopesTest" assertions="6" time="0.109542"/>
        <testcase name="it can filter penduduk by age range" file="tests/Unit/Models/ModelScopesTest.php::it can filter penduduk by age range" class="Tests\Unit\Models\ModelScopesTest" classname="Tests.Unit.Models.ModelScopesTest" assertions="9" time="0.124098"/>
        <testcase name="it can filter keluarga by dusun" file="tests/Unit/Models/ModelScopesTest.php::it can filter keluarga by dusun" class="Tests\Unit\Models\ModelScopesTest" classname="Tests.Unit.Models.ModelScopesTest" assertions="3" time="0.070361"/>
        <testcase name="it can filter keluarga by RT and RW" file="tests/Unit/Models/ModelScopesTest.php::it can filter keluarga by RT and RW" class="Tests\Unit\Models\ModelScopesTest" classname="Tests.Unit.Models.ModelScopesTest" assertions="5" time="0.065097"/>
        <testcase name="it can filter settings by category" file="tests/Unit/Models/ModelScopesTest.php::it can filter settings by category" class="Tests\Unit\Models\ModelScopesTest" classname="Tests.Unit.Models.ModelScopesTest" assertions="5" time="0.077000"/>
        <testcase name="it can filter settings by type" file="tests/Unit/Models/ModelScopesTest.php::it can filter settings by type" class="Tests\Unit\Models\ModelScopesTest" classname="Tests.Unit.Models.ModelScopesTest" assertions="6" time="0.076853"/>
        <testcase name="it can filter OTP tokens by user" file="tests/Unit/Models/ModelScopesTest.php::it can filter OTP tokens by user" class="Tests\Unit\Models\ModelScopesTest" classname="Tests.Unit.Models.ModelScopesTest" assertions="5" time="0.070691"/>
        <testcase name="it can filter OTP tokens by purpose" file="tests/Unit/Models/ModelScopesTest.php::it can filter OTP tokens by purpose" class="Tests\Unit\Models\ModelScopesTest" classname="Tests.Unit.Models.ModelScopesTest" assertions="6" time="0.070117"/>
        <testcase name="it can filter OTP tokens by channel" file="tests/Unit/Models/ModelScopesTest.php::it can filter OTP tokens by channel" class="Tests\Unit\Models\ModelScopesTest" classname="Tests.Unit.Models.ModelScopesTest" assertions="4" time="0.076595"/>
        <testcase name="it can combine multiple scopes" file="tests/Unit/Models/ModelScopesTest.php::it can combine multiple scopes" class="Tests\Unit\Models\ModelScopesTest" classname="Tests.Unit.Models.ModelScopesTest" assertions="3" time="0.114527"/>
        <testcase name="it can access computed attributes" file="tests/Unit/Models/ModelScopesTest.php::it can access computed attributes" class="Tests\Unit\Models\ModelScopesTest" classname="Tests.Unit.Models.ModelScopesTest" assertions="0" time="0.075953"/>
        <testcase name="it can access formatted NIK" file="tests/Unit/Models/ModelScopesTest.php::it can access formatted NIK" class="Tests\Unit\Models\ModelScopesTest" classname="Tests.Unit.Models.ModelScopesTest" assertions="0" time="0.086425"/>
        <testcase name="it can mutate attributes before saving" file="tests/Unit/Models/ModelScopesTest.php::it can mutate attributes before saving" class="Tests\Unit\Models\ModelScopesTest" classname="Tests.Unit.Models.ModelScopesTest" assertions="1" time="0.078384"/>
        <testcase name="it can mutate NIK before saving" file="tests/Unit/Models/ModelScopesTest.php::it can mutate NIK before saving" class="Tests\Unit\Models\ModelScopesTest" classname="Tests.Unit.Models.ModelScopesTest" assertions="1" time="0.078421"/>
        <testcase name="it can handle custom date attributes" file="tests/Unit/Models/ModelScopesTest.php::it can handle custom date attributes" class="Tests\Unit\Models\ModelScopesTest" classname="Tests.Unit.Models.ModelScopesTest" assertions="0" time="0.075818"/>
        <testcase name="it can handle boolean attributes" file="tests/Unit/Models/ModelScopesTest.php::it can handle boolean attributes" class="Tests\Unit\Models\ModelScopesTest" classname="Tests.Unit.Models.ModelScopesTest" assertions="0" time="0.072578"/>
        <testcase name="it can handle JSON attributes" file="tests/Unit/Models/ModelScopesTest.php::it can handle JSON attributes" class="Tests\Unit\Models\ModelScopesTest" classname="Tests.Unit.Models.ModelScopesTest" assertions="0" time="0.055220"/>
      </testsuite>
      <testsuite name="Tests\Unit\Models\PekerjaanTest" file="tests/Unit/Models/PekerjaanTest.php" tests="6" assertions="10" errors="0" failures="0" skipped="0" time="0.426014">
        <testcase name="it can create a pekerjaan" file="tests/Unit/Models/PekerjaanTest.php::it can create a pekerjaan" class="Tests\Unit\Models\PekerjaanTest" classname="Tests.Unit.Models.PekerjaanTest" assertions="2" time="0.141152"/>
        <testcase name="it has fillable attributes" file="tests/Unit/Models/PekerjaanTest.php::it has fillable attributes" class="Tests\Unit\Models\PekerjaanTest" classname="Tests.Unit.Models.PekerjaanTest" assertions="1" time="0.061606"/>
        <testcase name="it has timestamps disabled" file="tests/Unit/Models/PekerjaanTest.php::it has timestamps disabled" class="Tests\Unit\Models\PekerjaanTest" classname="Tests.Unit.Models.PekerjaanTest" assertions="2" time="0.049030"/>
        <testcase name="it has correct table name" file="tests/Unit/Models/PekerjaanTest.php::it has correct table name" class="Tests\Unit\Models\PekerjaanTest" classname="Tests.Unit.Models.PekerjaanTest" assertions="1" time="0.048122"/>
        <testcase name="it can handle null values for optional fields" file="tests/Unit/Models/PekerjaanTest.php::it can handle null values for optional fields" class="Tests\Unit\Models\PekerjaanTest" classname="Tests.Unit.Models.PekerjaanTest" assertions="2" time="0.050920"/>
        <testcase name="it can query pekerjaan with complex filters" file="tests/Unit/Models/PekerjaanTest.php::it can query pekerjaan with complex filters" class="Tests\Unit\Models\PekerjaanTest" classname="Tests.Unit.Models.PekerjaanTest" assertions="2" time="0.075184"/>
      </testsuite>
      <testsuite name="Tests\Unit\Models\PendidikanKKTest" file="tests/Unit/Models/PendidikanKKTest.php" tests="7" assertions="11" errors="0" failures="0" skipped="0" time="0.432567">
        <testcase name="it can create a pendidikan kk" file="tests/Unit/Models/PendidikanKKTest.php::it can create a pendidikan kk" class="Tests\Unit\Models\PendidikanKKTest" classname="Tests.Unit.Models.PendidikanKKTest" assertions="2" time="0.084402"/>
        <testcase name="it has fillable attributes" file="tests/Unit/Models/PendidikanKKTest.php::it has fillable attributes" class="Tests\Unit\Models\PendidikanKKTest" classname="Tests.Unit.Models.PendidikanKKTest" assertions="1" time="0.048494"/>
        <testcase name="it has timestamps disabled" file="tests/Unit/Models/PendidikanKKTest.php::it has timestamps disabled" class="Tests\Unit\Models\PendidikanKKTest" classname="Tests.Unit.Models.PendidikanKKTest" assertions="2" time="0.065000"/>
        <testcase name="it has correct table name" file="tests/Unit/Models/PendidikanKKTest.php::it has correct table name" class="Tests\Unit\Models\PendidikanKKTest" classname="Tests.Unit.Models.PendidikanKKTest" assertions="1" time="0.048155"/>
        <testcase name="it handles unique constraint on nama" file="tests/Unit/Models/PendidikanKKTest.php::it handles unique constraint on nama" class="Tests\Unit\Models\PendidikanKKTest" classname="Tests.Unit.Models.PendidikanKKTest" assertions="1" time="0.050565"/>
        <testcase name="it can handle null values for optional fields" file="tests/Unit/Models/PendidikanKKTest.php::it can handle null values for optional fields" class="Tests\Unit\Models\PendidikanKKTest" classname="Tests.Unit.Models.PendidikanKKTest" assertions="2" time="0.060183"/>
        <testcase name="it can query pendidikan kk with complex filters" file="tests/Unit/Models/PendidikanKKTest.php::it can query pendidikan kk with complex filters" class="Tests\Unit\Models\PendidikanKKTest" classname="Tests.Unit.Models.PendidikanKKTest" assertions="2" time="0.075769"/>
      </testsuite>
      <testsuite name="Tests\Unit\Models\PendidikanTest" file="tests/Unit/Models/PendidikanTest.php" tests="6" assertions="10" errors="0" failures="0" skipped="0" time="0.385990">
        <testcase name="it can create a pendidikan" file="tests/Unit/Models/PendidikanTest.php::it can create a pendidikan" class="Tests\Unit\Models\PendidikanTest" classname="Tests.Unit.Models.PendidikanTest" assertions="2" time="0.094174"/>
        <testcase name="it has fillable attributes" file="tests/Unit/Models/PendidikanTest.php::it has fillable attributes" class="Tests\Unit\Models\PendidikanTest" classname="Tests.Unit.Models.PendidikanTest" assertions="1" time="0.054503"/>
        <testcase name="it has timestamps disabled" file="tests/Unit/Models/PendidikanTest.php::it has timestamps disabled" class="Tests\Unit\Models\PendidikanTest" classname="Tests.Unit.Models.PendidikanTest" assertions="2" time="0.067230"/>
        <testcase name="it has correct table name" file="tests/Unit/Models/PendidikanTest.php::it has correct table name" class="Tests\Unit\Models\PendidikanTest" classname="Tests.Unit.Models.PendidikanTest" assertions="1" time="0.057736"/>
        <testcase name="it can handle null values for optional fields" file="tests/Unit/Models/PendidikanTest.php::it can handle null values for optional fields" class="Tests\Unit\Models\PendidikanTest" classname="Tests.Unit.Models.PendidikanTest" assertions="2" time="0.057996"/>
        <testcase name="it can query pendidikan with complex filters" file="tests/Unit/Models/PendidikanTest.php::it can query pendidikan with complex filters" class="Tests\Unit\Models\PendidikanTest" classname="Tests.Unit.Models.PendidikanTest" assertions="2" time="0.054351"/>
      </testsuite>
      <testsuite name="Tests\Unit\Models\PendudukTest" file="tests/Unit/Models/PendudukTest.php" tests="25" assertions="108" errors="0" failures="0" skipped="0" time="2.381079">
        <testcase name="it can create a penduduk" file="tests/Unit/Models/PendudukTest.php::it can create a penduduk" class="Tests\Unit\Models\PendudukTest" classname="Tests.Unit.Models.PendudukTest" assertions="4" time="0.128354"/>
        <testcase name="it has fillable attributes" file="tests/Unit/Models/PendudukTest.php::it has fillable attributes" class="Tests\Unit\Models\PendudukTest" classname="Tests.Unit.Models.PendudukTest" assertions="47" time="0.071203"/>
        <testcase name="it has timestamps enabled" file="tests/Unit/Models/PendudukTest.php::it has timestamps enabled" class="Tests\Unit\Models\PendudukTest" classname="Tests.Unit.Models.PendudukTest" assertions="2" time="0.075246"/>
        <testcase name="it has correct table name" file="tests/Unit/Models/PendudukTest.php::it has correct table name" class="Tests\Unit\Models\PendudukTest" classname="Tests.Unit.Models.PendudukTest" assertions="1" time="0.064309"/>
        <testcase name="it can get penduduk aktif with year filter" file="tests/Unit/Models/PendudukTest.php::it can get penduduk aktif with year filter" class="Tests\Unit\Models\PendudukTest" classname="Tests.Unit.Models.PendudukTest" assertions="3" time="0.104468"/>
        <testcase name="it can get penduduk aktif with desa filter" file="tests/Unit/Models/PendudukTest.php::it can get penduduk aktif with desa filter" class="Tests\Unit\Models\PendudukTest" classname="Tests.Unit.Models.PendudukTest" assertions="3" time="0.086928"/>
        <testcase name="it has hidup scope" file="tests/Unit/Models/PendudukTest.php::it has hidup scope" class="Tests\Unit\Models\PendudukTest" classname="Tests.Unit.Models.PendudukTest" assertions="3" time="0.085628"/>
        <testcase name="it has pekerjaan relationship" file="tests/Unit/Models/PendudukTest.php::it has pekerjaan relationship" class="Tests\Unit\Models\PendudukTest" classname="Tests.Unit.Models.PendudukTest" assertions="1" time="0.093142"/>
        <testcase name="it has pendidikan_kk relationship" file="tests/Unit/Models/PendudukTest.php::it has pendidikan_kk relationship" class="Tests\Unit\Models\PendudukTest" classname="Tests.Unit.Models.PendudukTest" assertions="1" time="0.073590"/>
        <testcase name="it has keluarga relationship" file="tests/Unit/Models/PendudukTest.php::it has keluarga relationship" class="Tests\Unit\Models\PendudukTest" classname="Tests.Unit.Models.PendudukTest" assertions="1" time="0.079829"/>
        <testcase name="it has suplemen_terdata relationship" file="tests/Unit/Models/PendudukTest.php::it has suplemen_terdata relationship" class="Tests\Unit\Models\PendudukTest" classname="Tests.Unit.Models.PendudukTest" assertions="2" time="0.116737"/>
        <testcase name="it has desa relationship" file="tests/Unit/Models/PendudukTest.php::it has desa relationship" class="Tests\Unit\Models\PendudukTest" classname="Tests.Unit.Models.PendudukTest" assertions="2" time="0.080641"/>
        <testcase name="it has lembaga relationship" file="tests/Unit/Models/PendudukTest.php::it has lembaga relationship" class="Tests\Unit\Models\PendudukTest" classname="Tests.Unit.Models.PendudukTest" assertions="2" time="0.079729"/>
        <testcase name="it has lembagaAnggota relationship" file="tests/Unit/Models/PendudukTest.php::it has lembagaAnggota relationship" class="Tests\Unit\Models\PendudukTest" classname="Tests.Unit.Models.PendudukTest" assertions="2" time="0.080729"/>
        <testcase name="it has pendudukSex relationship" file="tests/Unit/Models/PendudukTest.php::it has pendudukSex relationship" class="Tests\Unit\Models\PendudukTest" classname="Tests.Unit.Models.PendudukTest" assertions="1" time="0.087326"/>
        <testcase name="it can be filtered by gender" file="tests/Unit/Models/PendudukTest.php::it can be filtered by gender" class="Tests\Unit\Models\PendudukTest" classname="Tests.Unit.Models.PendudukTest" assertions="4" time="0.107344"/>
        <testcase name="it can be filtered by marital status" file="tests/Unit/Models/PendudukTest.php::it can be filtered by marital status" class="Tests\Unit\Models\PendudukTest" classname="Tests.Unit.Models.PendudukTest" assertions="4" time="0.095450"/>
        <testcase name="it can be filtered by citizenship" file="tests/Unit/Models/PendudukTest.php::it can be filtered by citizenship" class="Tests\Unit\Models\PendudukTest" classname="Tests.Unit.Models.PendudukTest" assertions="4" time="0.113282"/>
        <testcase name="it can be filtered by status dasar" file="tests/Unit/Models/PendudukTest.php::it can be filtered by status dasar" class="Tests\Unit\Models\PendudukTest" classname="Tests.Unit.Models.PendudukTest" assertions="4" time="0.109263"/>
        <testcase name="it can be filtered by pregnancy status" file="tests/Unit/Models/PendudukTest.php::it can be filtered by pregnancy status" class="Tests\Unit\Models\PendudukTest" classname="Tests.Unit.Models.PendudukTest" assertions="4" time="0.096003"/>
        <testcase name="it can handle NIK uniqueness" file="tests/Unit/Models/PendudukTest.php::it can handle NIK uniqueness" class="Tests\Unit\Models\PendudukTest" classname="Tests.Unit.Models.PendudukTest" assertions="1" time="0.070246"/>
        <testcase name="it can handle KK uniqueness" file="tests/Unit/Models/PendudukTest.php::it can handle KK uniqueness" class="Tests\Unit\Models\PendudukTest" classname="Tests.Unit.Models.PendudukTest" assertions="1" time="0.115052"/>
        <testcase name="it can handle date fields correctly" file="tests/Unit/Models/PendudukTest.php::it can handle date fields correctly" class="Tests\Unit\Models\PendudukTest" classname="Tests.Unit.Models.PendudukTest" assertions="3" time="0.143983"/>
        <testcase name="it can handle optional fields" file="tests/Unit/Models/PendudukTest.php::it can handle optional fields" class="Tests\Unit\Models\PendudukTest" classname="Tests.Unit.Models.PendudukTest" assertions="7" time="0.095485"/>
        <testcase name="it can handle imported_at timestamp" file="tests/Unit/Models/PendudukTest.php::it can handle imported_at timestamp" class="Tests\Unit\Models\PendudukTest" classname="Tests.Unit.Models.PendudukTest" assertions="1" time="0.127111"/>
      </testsuite>
      <testsuite name="Tests\Unit\Models\ProfilTest" file="tests/Unit/Models/ProfilTest.php" tests="19" assertions="58" errors="0" failures="0" skipped="0" time="2.113538">
        <testcase name="it can create a profil" file="tests/Unit/Models/ProfilTest.php::it can create a profil" class="Tests\Unit\Models\ProfilTest" classname="Tests.Unit.Models.ProfilTest" assertions="5" time="0.118218"/>
        <testcase name="it has fillable attributes" file="tests/Unit/Models/ProfilTest.php::it has fillable attributes" class="Tests\Unit\Models\ProfilTest" classname="Tests.Unit.Models.ProfilTest" assertions="17" time="0.098999"/>
        <testcase name="it has timestamps enabled" file="tests/Unit/Models/ProfilTest.php::it has timestamps enabled" class="Tests\Unit\Models\ProfilTest" classname="Tests.Unit.Models.ProfilTest" assertions="2" time="0.131408"/>
        <testcase name="it has correct table name" file="tests/Unit/Models/ProfilTest.php::it has correct table name" class="Tests\Unit\Models\ProfilTest" classname="Tests.Unit.Models.ProfilTest" assertions="1" time="0.085978"/>
        <testcase name="it has dataUmum relationship" file="tests/Unit/Models/ProfilTest.php::it has dataUmum relationship" class="Tests\Unit\Models\ProfilTest" classname="Tests.Unit.Models.ProfilTest" assertions="1" time="0.118870"/>
        <testcase name="it has dataDesa relationship" file="tests/Unit/Models/ProfilTest.php::it has dataDesa relationship" class="Tests\Unit\Models\ProfilTest" classname="Tests.Unit.Models.ProfilTest" assertions="1" time="0.101987"/>
        <testcase name="it has strukturOrganisasi relationship" file="tests/Unit/Models/ProfilTest.php::it has strukturOrganisasi relationship" class="Tests\Unit\Models\ProfilTest" classname="Tests.Unit.Models.ProfilTest" assertions="1" time="0.139978"/>
        <testcase name="it clears cache when saved" file="tests/Unit/Models/ProfilTest.php::it clears cache when saved" class="Tests\Unit\Models\ProfilTest" classname="Tests.Unit.Models.ProfilTest" assertions="1" time="0.097043"/>
        <testcase name="it clears cache when updated" file="tests/Unit/Models/ProfilTest.php::it clears cache when updated" class="Tests\Unit\Models\ProfilTest" classname="Tests.Unit.Models.ProfilTest" assertions="1" time="0.089145"/>
        <testcase name="it clears cache when created" file="tests/Unit/Models/ProfilTest.php::it clears cache when created" class="Tests\Unit\Models\ProfilTest" classname="Tests.Unit.Models.ProfilTest" assertions="1" time="0.061334"/>
        <testcase name="it can handle year fields correctly" file="tests/Unit/Models/ProfilTest.php::it can handle year fields correctly" class="Tests\Unit\Models\ProfilTest" classname="Tests.Unit.Models.ProfilTest" assertions="1" time="0.070382"/>
        <testcase name="it can handle file fields" file="tests/Unit/Models/ProfilTest.php::it can handle file fields" class="Tests\Unit\Models\ProfilTest" classname="Tests.Unit.Models.ProfilTest" assertions="2" time="0.058505"/>
        <testcase name="it can handle text fields with special characters" file="tests/Unit/Models/ProfilTest.php::it can handle text fields with special characters" class="Tests\Unit\Models\ProfilTest" classname="Tests.Unit.Models.ProfilTest" assertions="3" time="0.066850"/>
        <testcase name="it can handle null values for optional fields" file="tests/Unit/Models/ProfilTest.php::it can handle null values for optional fields" class="Tests\Unit\Models\ProfilTest" classname="Tests.Unit.Models.ProfilTest" assertions="11" time="0.064645"/>
        <testcase name="it can query profiles with complex filters" file="tests/Unit/Models/ProfilTest.php::it can query profiles with complex filters" class="Tests\Unit\Models\ProfilTest" classname="Tests.Unit.Models.ProfilTest" assertions="2" time="0.118002"/>
        <testcase name="it can handle multiple data desa for one profil" file="tests/Unit/Models/ProfilTest.php::it can handle multiple data desa for one profil" class="Tests\Unit\Models\ProfilTest" classname="Tests.Unit.Models.ProfilTest" assertions="5" time="0.174824"/>
        <testcase name="it can handle cache tags flush on save" file="tests/Unit/Models/ProfilTest.php::it can handle cache tags flush on save" class="Tests\Unit\Models\ProfilTest" classname="Tests.Unit.Models.ProfilTest" assertions="1" time="0.118809"/>
        <testcase name="it can handle cache tags flush on update" file="tests/Unit/Models/ProfilTest.php::it can handle cache tags flush on update" class="Tests\Unit\Models\ProfilTest" classname="Tests.Unit.Models.ProfilTest" assertions="1" time="0.229121"/>
        <testcase name="it can handle cache tags flush on create" file="tests/Unit/Models/ProfilTest.php::it can handle cache tags flush on create" class="Tests\Unit\Models\ProfilTest" classname="Tests.Unit.Models.ProfilTest" assertions="1" time="0.169439"/>
      </testsuite>
      <testsuite name="Tests\Unit\Models\SettingAplikasiTest" file="tests/Unit/Models/SettingAplikasiTest.php" tests="20" assertions="53" errors="0" failures="0" skipped="0" time="1.949795">
        <testcase name="it can create a setting aplikasi" file="tests/Unit/Models/SettingAplikasiTest.php::it can create a setting aplikasi" class="Tests\Unit\Models\SettingAplikasiTest" classname="Tests.Unit.Models.SettingAplikasiTest" assertions="6" time="0.117216"/>
        <testcase name="it has fillable attributes" file="tests/Unit/Models/SettingAplikasiTest.php::it has fillable attributes" class="Tests\Unit\Models\SettingAplikasiTest" classname="Tests.Unit.Models.SettingAplikasiTest" assertions="6" time="0.117403"/>
        <testcase name="it has timestamps disabled" file="tests/Unit/Models/SettingAplikasiTest.php::it has timestamps disabled" class="Tests\Unit\Models\SettingAplikasiTest" classname="Tests.Unit.Models.SettingAplikasiTest" assertions="2" time="0.138132"/>
        <testcase name="it has correct table name" file="tests/Unit/Models/SettingAplikasiTest.php::it has correct table name" class="Tests\Unit\Models\SettingAplikasiTest" classname="Tests.Unit.Models.SettingAplikasiTest" assertions="1" time="0.123277"/>
        <testcase name="it clears cache when saved" file="tests/Unit/Models/SettingAplikasiTest.php::it clears cache when saved" class="Tests\Unit\Models\SettingAplikasiTest" classname="Tests.Unit.Models.SettingAplikasiTest" assertions="1" time="0.112646"/>
        <testcase name="it clears cache when updated" file="tests/Unit/Models/SettingAplikasiTest.php::it clears cache when updated" class="Tests\Unit\Models\SettingAplikasiTest" classname="Tests.Unit.Models.SettingAplikasiTest" assertions="1" time="0.096354"/>
        <testcase name="it triggers events on save and update" file="tests/Unit/Models/SettingAplikasiTest.php::it triggers events on save and update" class="Tests\Unit\Models\SettingAplikasiTest" classname="Tests.Unit.Models.SettingAplikasiTest" assertions="1" time="0.127493"/>
        <testcase name="it can handle different setting types" file="tests/Unit/Models/SettingAplikasiTest.php::it can handle different setting types" class="Tests\Unit\Models\SettingAplikasiTest" classname="Tests.Unit.Models.SettingAplikasiTest" assertions="3" time="0.122579"/>
        <testcase name="it can handle different setting categories" file="tests/Unit/Models/SettingAplikasiTest.php::it can handle different setting categories" class="Tests\Unit\Models\SettingAplikasiTest" classname="Tests.Unit.Models.SettingAplikasiTest" assertions="3" time="0.085652"/>
        <testcase name="it can handle JSON options for select type" file="tests/Unit/Models/SettingAplikasiTest.php::it can handle JSON options for select type" class="Tests\Unit\Models\SettingAplikasiTest" classname="Tests.Unit.Models.SettingAplikasiTest" assertions="2" time="0.092256"/>
        <testcase name="it can handle unique key constraint" file="tests/Unit/Models/SettingAplikasiTest.php::it can handle unique key constraint" class="Tests\Unit\Models\SettingAplikasiTest" classname="Tests.Unit.Models.SettingAplikasiTest" assertions="1" time="0.121796"/>
        <testcase name="it can query settings by category" file="tests/Unit/Models/SettingAplikasiTest.php::it can query settings by category" class="Tests\Unit\Models\SettingAplikasiTest" classname="Tests.Unit.Models.SettingAplikasiTest" assertions="4" time="0.087741"/>
        <testcase name="it can query settings by type" file="tests/Unit/Models/SettingAplikasiTest.php::it can query settings by type" class="Tests\Unit\Models\SettingAplikasiTest" classname="Tests.Unit.Models.SettingAplikasiTest" assertions="4" time="0.095977"/>
        <testcase name="it can handle complex values" file="tests/Unit/Models/SettingAplikasiTest.php::it can handle complex values" class="Tests\Unit\Models\SettingAplikasiTest" classname="Tests.Unit.Models.SettingAplikasiTest" assertions="3" time="0.070620"/>
        <testcase name="it can handle long descriptions" file="tests/Unit/Models/SettingAplikasiTest.php::it can handle long descriptions" class="Tests\Unit\Models\SettingAplikasiTest" classname="Tests.Unit.Models.SettingAplikasiTest" assertions="1" time="0.083754"/>
        <testcase name="it can handle special characters in values" file="tests/Unit/Models/SettingAplikasiTest.php::it can handle special characters in values" class="Tests\Unit\Models\SettingAplikasiTest" classname="Tests.Unit.Models.SettingAplikasiTest" assertions="1" time="0.062173"/>
        <testcase name="it can handle bulk operations" file="tests/Unit/Models/SettingAplikasiTest.php::it can handle bulk operations" class="Tests\Unit\Models\SettingAplikasiTest" classname="Tests.Unit.Models.SettingAplikasiTest" assertions="6" time="0.069223"/>
        <testcase name="it can handle cache clearing on bulk operations" file="tests/Unit/Models/SettingAplikasiTest.php::it can handle cache clearing on bulk operations" class="Tests\Unit\Models\SettingAplikasiTest" classname="Tests.Unit.Models.SettingAplikasiTest" assertions="1" time="0.067674"/>
        <testcase name="it can handle setting with empty options" file="tests/Unit/Models/SettingAplikasiTest.php::it can handle setting with empty options" class="Tests\Unit\Models\SettingAplikasiTest" classname="Tests.Unit.Models.SettingAplikasiTest" assertions="2" time="0.082120"/>
        <testcase name="it can handle setting with valid JSON options" file="tests/Unit/Models/SettingAplikasiTest.php::it can handle setting with valid JSON options" class="Tests\Unit\Models\SettingAplikasiTest" classname="Tests.Unit.Models.SettingAplikasiTest" assertions="4" time="0.075708"/>
      </testsuite>
      <testsuite name="Tests\Unit\Models\UserTest" file="tests/Unit/Models/UserTest.php" tests="14" assertions="42" errors="0" failures="0" skipped="0" time="1.099231">
        <testcase name="it can create a user" file="tests/Unit/Models/UserTest.php::it can create a user" class="Tests\Unit\Models\UserTest" classname="Tests.Unit.Models.UserTest" assertions="4" time="0.114300"/>
        <testcase name="it has default password constant" file="tests/Unit/Models/UserTest.php::it has default password constant" class="Tests\Unit\Models\UserTest" classname="Tests.Unit.Models.UserTest" assertions="2" time="0.086766"/>
        <testcase name="it has fillable attributes" file="tests/Unit/Models/UserTest.php::it has fillable attributes" class="Tests\Unit\Models\UserTest" classname="Tests.Unit.Models.UserTest" assertions="16" time="0.067135"/>
        <testcase name="it hides sensitive attributes" file="tests/Unit/Models/UserTest.php::it hides sensitive attributes" class="Tests\Unit\Models\UserTest" classname="Tests.Unit.Models.UserTest" assertions="2" time="0.102687"/>
        <testcase name="it casts attributes correctly" file="tests/Unit/Models/UserTest.php::it casts attributes correctly" class="Tests\Unit\Models\UserTest" classname="Tests.Unit.Models.UserTest" assertions="4" time="0.081859"/>
        <testcase name="it can assign roles using spatie permission" file="tests/Unit/Models/UserTest.php::it can assign roles using spatie permission" class="Tests\Unit\Models\UserTest" classname="Tests.Unit.Models.UserTest" assertions="1" time="0.084078"/>
        <testcase name="it can sync roles using spatie permission" file="tests/Unit/Models/UserTest.php::it can sync roles using spatie permission" class="Tests\Unit\Models\UserTest" classname="Tests.Unit.Models.UserTest" assertions="1" time="0.068662"/>
        <testcase name="it can give permissions using spatie permission" file="tests/Unit/Models/UserTest.php::it can give permissions using spatie permission" class="Tests\Unit\Models\UserTest" classname="Tests.Unit.Models.UserTest" assertions="1" time="0.075017"/>
        <testcase name="it has pengurus relationship" file="tests/Unit/Models/UserTest.php::it has pengurus relationship" class="Tests\Unit\Models\UserTest" classname="Tests.Unit.Models.UserTest" assertions="1" time="0.070098"/>
        <testcase name="it has otp tokens relationship" file="tests/Unit/Models/UserTest.php::it has otp tokens relationship" class="Tests\Unit\Models\UserTest" classname="Tests.Unit.Models.UserTest" assertions="1" time="0.080317"/>
        <testcase name="it mutates password attribute when setting" file="tests/Unit/Models/UserTest.php::it mutates password attribute when setting" class="Tests\Unit\Models\UserTest" classname="Tests.Unit.Models.UserTest" assertions="1" time="0.059472"/>
        <testcase name="it has foto accessor" file="tests/Unit/Models/UserTest.php::it has foto accessor" class="Tests\Unit\Models\UserTest" classname="Tests.Unit.Models.UserTest" assertions="1" time="0.067287"/>
        <testcase name="it has suspend scope" file="tests/Unit/Models/UserTest.php::it has suspend scope" class="Tests\Unit\Models\UserTest" classname="Tests.Unit.Models.UserTest" assertions="4" time="0.076729"/>
        <testcase name="it implements JWT subject interface" file="tests/Unit/Models/UserTest.php::it implements JWT subject interface" class="Tests\Unit\Models\UserTest" classname="Tests.Unit.Models.UserTest" assertions="3" time="0.064822"/>
      </testsuite>
      <testsuite name="Tests\Unit\Models\WarganegaraTest" file="tests/Unit/Models/WarganegaraTest.php" tests="7" assertions="10" errors="0" failures="0" skipped="0" time="0.459384">
        <testcase name="it can create a warganegara" file="tests/Unit/Models/WarganegaraTest.php::it can create a warganegara" class="Tests\Unit\Models\WarganegaraTest" classname="Tests.Unit.Models.WarganegaraTest" assertions="2" time="0.101446"/>
        <testcase name="it has fillable attributes" file="tests/Unit/Models/WarganegaraTest.php::it has fillable attributes" class="Tests\Unit\Models\WarganegaraTest" classname="Tests.Unit.Models.WarganegaraTest" assertions="1" time="0.067226"/>
        <testcase name="it has timestamps disabled" file="tests/Unit/Models/WarganegaraTest.php::it has timestamps disabled" class="Tests\Unit\Models\WarganegaraTest" classname="Tests.Unit.Models.WarganegaraTest" assertions="2" time="0.052278"/>
        <testcase name="it has correct table name" file="tests/Unit/Models/WarganegaraTest.php::it has correct table name" class="Tests\Unit\Models\WarganegaraTest" classname="Tests.Unit.Models.WarganegaraTest" assertions="1" time="0.055417"/>
        <testcase name="it has many penduduk relationship" file="tests/Unit/Models/WarganegaraTest.php::it has many penduduk relationship" class="Tests\Unit\Models\WarganegaraTest" classname="Tests.Unit.Models.WarganegaraTest" assertions="1" time="0.058822"/>
        <testcase name="it handles unique constraint on nama" file="tests/Unit/Models/WarganegaraTest.php::it handles unique constraint on nama" class="Tests\Unit\Models\WarganegaraTest" classname="Tests.Unit.Models.WarganegaraTest" assertions="1" time="0.070298"/>
        <testcase name="it can handle null values for optional fields" file="tests/Unit/Models/WarganegaraTest.php::it can handle null values for optional fields" class="Tests\Unit\Models\WarganegaraTest" classname="Tests.Unit.Models.WarganegaraTest" assertions="2" time="0.053898"/>
      </testsuite>
      <testsuite name="Tests\Unit\OtpServiceTest" file="tests/Unit/OtpServiceTest.php" tests="9" assertions="23" errors="0" failures="0" skipped="0" time="0.766116">
        <testcase name="generate otp code returns six digits" file="tests/Unit/OtpServiceTest.php::generate otp code returns six digits" class="Tests\Unit\OtpServiceTest" classname="Tests.Unit.OtpServiceTest" assertions="5" time="0.094705"/>
        <testcase name="generate and save creates otp token" file="tests/Unit/OtpServiceTest.php::generate and save creates otp token" class="Tests\Unit\OtpServiceTest" classname="Tests.Unit.OtpServiceTest" assertions="5" time="0.086486"/>
        <testcase name="generate and save deletes old tokens" file="tests/Unit/OtpServiceTest.php::generate and save deletes old tokens" class="Tests\Unit\OtpServiceTest" classname="Tests.Unit.OtpServiceTest" assertions="1" time="0.064964"/>
        <testcase name="verify otp with valid code succeeds" file="tests/Unit/OtpServiceTest.php::verify otp with valid code succeeds" class="Tests\Unit\OtpServiceTest" classname="Tests.Unit.OtpServiceTest" assertions="3" time="0.063936"/>
        <testcase name="verify otp with invalid code fails" file="tests/Unit/OtpServiceTest.php::verify otp with invalid code fails" class="Tests\Unit\OtpServiceTest" classname="Tests.Unit.OtpServiceTest" assertions="2" time="0.069523"/>
        <testcase name="verify otp increments attempts" file="tests/Unit/OtpServiceTest.php::verify otp increments attempts" class="Tests\Unit\OtpServiceTest" classname="Tests.Unit.OtpServiceTest" assertions="1" time="0.084042"/>
        <testcase name="verify otp fails with expired token" file="tests/Unit/OtpServiceTest.php::verify otp fails with expired token" class="Tests\Unit\OtpServiceTest" classname="Tests.Unit.OtpServiceTest" assertions="2" time="0.069307"/>
        <testcase name="otp token is expired method" file="tests/Unit/OtpServiceTest.php::otp token is expired method" class="Tests\Unit\OtpServiceTest" classname="Tests.Unit.OtpServiceTest" assertions="2" time="0.129198"/>
        <testcase name="otp token valid scope" file="tests/Unit/OtpServiceTest.php::otp token valid scope" class="Tests\Unit\OtpServiceTest" classname="Tests.Unit.OtpServiceTest" assertions="2" time="0.103955"/>
      </testsuite>
      <testsuite name="Tests\Unit\SecureFileUploadTest" file="Secure File Upload (Tests\Unit\SecureFileUpload)" tests="7" assertions="17" errors="0" failures="0" skipped="0" time="0.486771">
        <testcase name="Validasi pass untuk file valid" file="Secure File Upload (Tests\Unit\SecureFileUpload)::Validasi pass untuk file valid" class="Tests\Unit\SecureFileUploadTest" classname="Tests.Unit.SecureFileUploadTest" assertions="1" time="0.125080"/>
        <testcase name="Tolak ekstensi berbahaya php" file="Secure File Upload (Tests\Unit\SecureFileUpload)::Tolak ekstensi berbahaya php" class="Tests\Unit\SecureFileUploadTest" classname="Tests.Unit.SecureFileUploadTest" assertions="2" time="0.050552"/>
        <testcase name="Tolak ekstensi berbahaya exe" file="Secure File Upload (Tests\Unit\SecureFileUpload)::Tolak ekstensi berbahaya exe" class="Tests\Unit\SecureFileUploadTest" classname="Tests.Unit.SecureFileUploadTest" assertions="1" time="0.047223"/>
        <testcase name="Tolak mime type tidak sesuai" file="Secure File Upload (Tests\Unit\SecureFileUpload)::Tolak mime type tidak sesuai" class="Tests\Unit\SecureFileUploadTest" classname="Tests.Unit.SecureFileUploadTest" assertions="2" time="0.050659"/>
        <testcase name="Tolak file terlalu besar" file="Secure File Upload (Tests\Unit\SecureFileUpload)::Tolak file terlalu besar" class="Tests\Unit\SecureFileUploadTest" classname="Tests.Unit.SecureFileUploadTest" assertions="2" time="0.061660"/>
        <testcase name="Tolak bukan uploaded file" file="Secure File Upload (Tests\Unit\SecureFileUpload)::Tolak bukan uploaded file" class="Tests\Unit\SecureFileUploadTest" classname="Tests.Unit.SecureFileUploadTest" assertions="1" time="0.062794"/>
        <testcase name="Semua ekstensi berbahaya ditolak" file="Secure File Upload (Tests\Unit\SecureFileUpload)::Semua ekstensi berbahaya ditolak" class="Tests\Unit\SecureFileUploadTest" classname="Tests.Unit.SecureFileUploadTest" assertions="8" time="0.088803"/>
      </testsuite>
      <testsuite name="Tests\Unit\Services\ApiServiceTest" file="tests/Unit/Services/ApiServiceTest.php" tests="9" assertions="31" errors="0" failures="0" skipped="0" time="1.126488">
        <testcase name="it can instantiate api service" file="tests/Unit/Services/ApiServiceTest.php::it can instantiate api service" class="Tests\Unit\Services\ApiServiceTest" classname="Tests.Unit.Services.ApiServiceTest" assertions="1" time="0.270320"/>
        <testcase name="it can register customer successfully" file="tests/Unit/Services/ApiServiceTest.php::it can register customer successfully" class="Tests\Unit\Services\ApiServiceTest" classname="Tests.Unit.Services.ApiServiceTest" assertions="4" time="0.135165"/>
        <testcase name="it handles registration failure" file="tests/Unit/Services/ApiServiceTest.php::it handles registration failure" class="Tests\Unit\Services\ApiServiceTest" classname="Tests.Unit.Services.ApiServiceTest" assertions="4" time="0.077093"/>
        <testcase name="it handles registration network error" file="tests/Unit/Services/ApiServiceTest.php::it handles registration network error" class="Tests\Unit\Services\ApiServiceTest" classname="Tests.Unit.Services.ApiServiceTest" assertions="3" time="0.079610"/>
        <testcase name="it can get registered customers" file="tests/Unit/Services/ApiServiceTest.php::it can get registered customers" class="Tests\Unit\Services\ApiServiceTest" classname="Tests.Unit.Services.ApiServiceTest" assertions="5" time="0.095592"/>
        <testcase name="it handles get registered customers failure" file="tests/Unit/Services/ApiServiceTest.php::it handles get registered customers failure" class="Tests\Unit\Services\ApiServiceTest" classname="Tests.Unit.Services.ApiServiceTest" assertions="4" time="0.075286"/>
        <testcase name="it can get registration form" file="tests/Unit/Services/ApiServiceTest.php::it can get registration form" class="Tests\Unit\Services\ApiServiceTest" classname="Tests.Unit.Services.ApiServiceTest" assertions="5" time="0.108908"/>
        <testcase name="it handles get registration form failure" file="tests/Unit/Services/ApiServiceTest.php::it handles get registration form failure" class="Tests\Unit\Services\ApiServiceTest" classname="Tests.Unit.Services.ApiServiceTest" assertions="4" time="0.144356"/>
        <testcase name="it handles missing layanan_opendesa_token setting" file="tests/Unit/Services/ApiServiceTest.php::it handles missing layanan_opendesa_token setting" class="Tests\Unit\Services\ApiServiceTest" classname="Tests.Unit.Services.ApiServiceTest" assertions="1" time="0.140157"/>
      </testsuite>
      <testsuite name="Tests\Unit\Services\CacheServiceTest" file="tests/Unit/Services/CacheServiceTest.php" tests="18" assertions="56" errors="0" failures="0" skipped="0" time="1.959106">
        <testcase name="it can instantiate cache service" file="tests/Unit/Services/CacheServiceTest.php::it can instantiate cache service" class="Tests\Unit\Services\CacheServiceTest" classname="Tests.Unit.Services.CacheServiceTest" assertions="1" time="0.116964"/>
        <testcase name="it can store cache key in database" file="tests/Unit/Services/CacheServiceTest.php::it can store cache key in database" class="Tests\Unit\Services\CacheServiceTest" classname="Tests.Unit.Services.CacheServiceTest" assertions="3" time="0.132363"/>
        <testcase name="it extracts prefix from key if not provided" file="tests/Unit/Services/CacheServiceTest.php::it extracts prefix from key if not provided" class="Tests\Unit\Services\CacheServiceTest" classname="Tests.Unit.Services.CacheServiceTest" assertions="2" time="0.134446"/>
        <testcase name="it uses default prefix if key has no colon" file="tests/Unit/Services/CacheServiceTest.php::it uses default prefix if key has no colon" class="Tests\Unit\Services\CacheServiceTest" classname="Tests.Unit.Services.CacheServiceTest" assertions="2" time="0.193193"/>
        <testcase name="it does not store duplicate cache keys" file="tests/Unit/Services/CacheServiceTest.php::it does not store duplicate cache keys" class="Tests\Unit\Services\CacheServiceTest" classname="Tests.Unit.Services.CacheServiceTest" assertions="2" time="0.128936"/>
        <testcase name="it does not store already tracked keys in memory" file="tests/Unit/Services/CacheServiceTest.php::it does not store already tracked keys in memory" class="Tests\Unit\Services\CacheServiceTest" classname="Tests.Unit.Services.CacheServiceTest" assertions="1" time="0.107807"/>
        <testcase name="it can get cache value" file="tests/Unit/Services/CacheServiceTest.php::it can get cache value" class="Tests\Unit\Services\CacheServiceTest" classname="Tests.Unit.Services.CacheServiceTest" assertions="2" time="0.096314"/>
        <testcase name="it can put cache value with tracking" file="tests/Unit/Services/CacheServiceTest.php::it can put cache value with tracking" class="Tests\Unit\Services\CacheServiceTest" classname="Tests.Unit.Services.CacheServiceTest" assertions="4" time="0.082991"/>
        <testcase name="it can put cache value forever with tracking" file="tests/Unit/Services/CacheServiceTest.php::it can put cache value forever with tracking" class="Tests\Unit\Services\CacheServiceTest" classname="Tests.Unit.Services.CacheServiceTest" assertions="4" time="0.097857"/>
        <testcase name="it can remember cache value" file="tests/Unit/Services/CacheServiceTest.php::it can remember cache value" class="Tests\Unit\Services\CacheServiceTest" classname="Tests.Unit.Services.CacheServiceTest" assertions="6" time="0.140721"/>
        <testcase name="it can remember existing cache value" file="tests/Unit/Services/CacheServiceTest.php::it can remember existing cache value" class="Tests\Unit\Services\CacheServiceTest" classname="Tests.Unit.Services.CacheServiceTest" assertions="3" time="0.116920"/>
        <testcase name="it can remember cache value forever" file="tests/Unit/Services/CacheServiceTest.php::it can remember cache value forever" class="Tests\Unit\Services\CacheServiceTest" classname="Tests.Unit.Services.CacheServiceTest" assertions="6" time="0.088534"/>
        <testcase name="it can remember existing cache value forever" file="tests/Unit/Services/CacheServiceTest.php::it can remember existing cache value forever" class="Tests\Unit\Services\CacheServiceTest" classname="Tests.Unit.Services.CacheServiceTest" assertions="3" time="0.074872"/>
        <testcase name="it can remove cache by prefix" file="tests/Unit/Services/CacheServiceTest.php::it can remove cache by prefix" class="Tests\Unit\Services\CacheServiceTest" classname="Tests.Unit.Services.CacheServiceTest" assertions="5" time="0.123988"/>
        <testcase name="it uses default prefix when none provided" file="tests/Unit/Services/CacheServiceTest.php::it uses default prefix when none provided" class="Tests\Unit\Services\CacheServiceTest" classname="Tests.Unit.Services.CacheServiceTest" assertions="2" time="0.085896"/>
        <testcase name="it can remove cache by group" file="tests/Unit/Services/CacheServiceTest.php::it can remove cache by group" class="Tests\Unit\Services\CacheServiceTest" classname="Tests.Unit.Services.CacheServiceTest" assertions="5" time="0.092404"/>
        <testcase name="it can remove cache by key" file="tests/Unit/Services/CacheServiceTest.php::it can remove cache by key" class="Tests\Unit\Services\CacheServiceTest" classname="Tests.Unit.Services.CacheServiceTest" assertions="3" time="0.066550"/>
        <testcase name="it handles errors when removing cache by key" file="tests/Unit/Services/CacheServiceTest.php::it handles errors when removing cache by key" class="Tests\Unit\Services\CacheServiceTest" classname="Tests.Unit.Services.CacheServiceTest" assertions="2" time="0.078351"/>
      </testsuite>
      <testsuite name="Tests\Unit\Services\DesaServiceTest" file="tests/Unit/Services/DesaServiceTest.php" tests="20" assertions="43" errors="0" failures="0" skipped="0" time="1.638398">
        <testcase name="it can instantiate desa service" file="tests/Unit/Services/DesaServiceTest.php::it can instantiate desa service" class="Tests\Unit\Services\DesaServiceTest" classname="Tests.Unit.Services.DesaServiceTest" assertions="1" time="0.127700"/>
        <testcase name="it can get list of desa" file="tests/Unit/Services/DesaServiceTest.php::it can get list of desa" class="Tests\Unit\Services\DesaServiceTest" classname="Tests.Unit.Services.DesaServiceTest" assertions="1" time="0.072923"/>
        <testcase name="it can get list of desa with all parameter" file="tests/Unit/Services/DesaServiceTest.php::it can get list of desa with all parameter" class="Tests\Unit\Services\DesaServiceTest" classname="Tests.Unit.Services.DesaServiceTest" assertions="2" time="0.092983"/>
        <testcase name="it can get specific desa by slug when not using database gabungan" file="tests/Unit/Services/DesaServiceTest.php::it can get specific desa by slug when not using database gabungan" class="Tests\Unit\Services\DesaServiceTest" classname="Tests.Unit.Services.DesaServiceTest" assertions="2" time="0.065618"/>
        <testcase name="it can get specific desa by slug when using database gabungan" file="tests/Unit/Services/DesaServiceTest.php::it can get specific desa by slug when using database gabungan" class="Tests\Unit\Services\DesaServiceTest" classname="Tests.Unit.Services.DesaServiceTest" assertions="2" time="0.082574"/>
        <testcase name="it can get desa by kode" file="tests/Unit/Services/DesaServiceTest.php::it can get desa by kode" class="Tests\Unit\Services\DesaServiceTest" classname="Tests.Unit.Services.DesaServiceTest" assertions="2" time="0.066753"/>
        <testcase name="it returns null when desa by kode not found" file="tests/Unit/Services/DesaServiceTest.php::it returns null when desa by kode not found" class="Tests\Unit\Services\DesaServiceTest" classname="Tests.Unit.Services.DesaServiceTest" assertions="1" time="0.087792"/>
        <testcase name="it can get jumlah desa" file="tests/Unit/Services/DesaServiceTest.php::it can get jumlah desa" class="Tests\Unit\Services\DesaServiceTest" classname="Tests.Unit.Services.DesaServiceTest" assertions="3" time="0.073947"/>
        <testcase name="it can get path desa list" file="tests/Unit/Services/DesaServiceTest.php::it can get path desa list" class="Tests\Unit\Services\DesaServiceTest" classname="Tests.Unit.Services.DesaServiceTest" assertions="1" time="0.066957"/>
        <testcase name="it can call desa method with filters" file="tests/Unit/Services/DesaServiceTest.php::it can call desa method with filters" class="Tests\Unit\Services\DesaServiceTest" classname="Tests.Unit.Services.DesaServiceTest" assertions="1" time="0.083924"/>
        <testcase name="it handles empty results gracefully" file="tests/Unit/Services/DesaServiceTest.php::it handles empty results gracefully" class="Tests\Unit\Services\DesaServiceTest" classname="Tests.Unit.Services.DesaServiceTest" assertions="1" time="0.094259"/>
        <testcase name="it caches list desa when using database gabungan" file="tests/Unit/Services/DesaServiceTest.php::it caches list desa when using database gabungan" class="Tests\Unit\Services\DesaServiceTest" classname="Tests.Unit.Services.DesaServiceTest" assertions="1" time="0.071694"/>
        <testcase name="it returns cached list desa when available" file="tests/Unit/Services/DesaServiceTest.php::it returns cached list desa when available" class="Tests\Unit\Services\DesaServiceTest" classname="Tests.Unit.Services.DesaServiceTest" assertions="1" time="0.073721"/>
        <testcase name="it transforms API response correctly" file="tests/Unit/Services/DesaServiceTest.php::it transforms API response correctly" class="Tests\Unit\Services\DesaServiceTest" classname="Tests.Unit.Services.DesaServiceTest" assertions="8" time="0.102048"/>
        <testcase name="it handles null values in API response" file="tests/Unit/Services/DesaServiceTest.php::it handles null values in API response" class="Tests\Unit\Services\DesaServiceTest" classname="Tests.Unit.Services.DesaServiceTest" assertions="8" time="0.079144"/>
        <testcase name="it can get jumlah desa with filters" file="tests/Unit/Services/DesaServiceTest.php::it can get jumlah desa with filters" class="Tests\Unit\Services\DesaServiceTest" classname="Tests.Unit.Services.DesaServiceTest" assertions="1" time="0.075237"/>
        <testcase name="it returns 0 when jumlah desa API fails" file="tests/Unit/Services/DesaServiceTest.php::it returns 0 when jumlah desa API fails" class="Tests\Unit\Services\DesaServiceTest" classname="Tests.Unit.Services.DesaServiceTest" assertions="1" time="0.076283"/>
        <testcase name="it handles malformed API response for jumlah desa" file="tests/Unit/Services/DesaServiceTest.php::it handles malformed API response for jumlah desa" class="Tests\Unit\Services\DesaServiceTest" classname="Tests.Unit.Services.DesaServiceTest" assertions="1" time="0.102259"/>
        <testcase name="it can get path desa list when using database gabungan" file="tests/Unit/Services/DesaServiceTest.php::it can get path desa list when using database gabungan" class="Tests\Unit\Services\DesaServiceTest" classname="Tests.Unit.Services.DesaServiceTest" assertions="2" time="0.075801"/>
[...]
      </testsuite>
      <testsuite name="Tests\Unit\Services\KeluargaServiceTest" file="tests/Unit/Services/KeluargaServiceTest.php" tests="14" assertions="61" errors="0" failures="0" skipped="0" time="1.205265">
        <testcase name="it can instantiate keluarga service" file="tests/Unit/Services/KeluargaServiceTest.php::it can instantiate keluarga service" class="Tests\Unit\Services\KeluargaServiceTest" classname="Tests.Unit.Services.KeluargaServiceTest" assertions="1" time="0.161469"/>
        <testcase name="it can get keluarga by ID from API" file="tests/Unit/Services/KeluargaServiceTest.php::it can get keluarga by ID from API" class="Tests\Unit\Services\KeluargaServiceTest" classname="Tests.Unit.Services.KeluargaServiceTest" assertions="12" time="0.072552"/>
        <testcase name="it handles missing attributes in keluarga data" file="tests/Unit/Services/KeluargaServiceTest.php::it handles missing attributes in keluarga data" class="Tests\Unit\Services\KeluargaServiceTest" classname="Tests.Unit.Services.KeluargaServiceTest" assertions="12" time="0.047447"/>
        <testcase name="it can get jumlah keluarga from API" file="tests/Unit/Services/KeluargaServiceTest.php::it can get jumlah keluarga from API" class="Tests\Unit\Services\KeluargaServiceTest" classname="Tests.Unit.Services.KeluargaServiceTest" assertions="1" time="0.052619"/>
        <testcase name="it returns 0 when API response has no total" file="tests/Unit/Services/KeluargaServiceTest.php::it returns 0 when API response has no total" class="Tests\Unit\Services\KeluargaServiceTest" classname="Tests.Unit.Services.KeluargaServiceTest" assertions="1" time="0.082857"/>
        <testcase name="it can export keluarga data from API" file="tests/Unit/Services/KeluargaServiceTest.php::it can export keluarga data from API" class="Tests\Unit\Services\KeluargaServiceTest" classname="Tests.Unit.Services.KeluargaServiceTest" assertions="12" time="0.083536"/>
        <testcase name="it handles missing attributes in export data" file="tests/Unit/Services/KeluargaServiceTest.php::it handles missing attributes in export data" class="Tests\Unit\Services\KeluargaServiceTest" classname="Tests.Unit.Services.KeluargaServiceTest" assertions="12" time="0.097757"/>
        <testcase name="it handles dash in tgl_cetak_kk field" file="tests/Unit/Services/KeluargaServiceTest.php::it handles dash in tgl_cetak_kk field" class="Tests\Unit\Services\KeluargaServiceTest" classname="Tests.Unit.Services.KeluargaServiceTest" assertions="2" time="0.099823"/>
        <testcase name="it can apply filters to jumlah keluarga" file="tests/Unit/Services/KeluargaServiceTest.php::it can apply filters to jumlah keluarga" class="Tests\Unit\Services\KeluargaServiceTest" classname="Tests.Unit.Services.KeluargaServiceTest" assertions="1" time="0.112391"/>
        <testcase name="it can export keluarga with custom parameters" file="tests/Unit/Services/KeluargaServiceTest.php::it can export keluarga with custom parameters" class="Tests\Unit\Services\KeluargaServiceTest" classname="Tests.Unit.Services.KeluargaServiceTest" assertions="1" time="0.071396"/>
        <testcase name="it can export all keluarga data" file="tests/Unit/Services/KeluargaServiceTest.php::it can export all keluarga data" class="Tests\Unit\Services\KeluargaServiceTest" classname="Tests.Unit.Services.KeluargaServiceTest" assertions="1" time="0.096078"/>
        <testcase name="it handles empty API response for keluarga" file="tests/Unit/Services/KeluargaServiceTest.php::it handles empty API response for keluarga" class="Tests\Unit\Services\KeluargaServiceTest" classname="Tests.Unit.Services.KeluargaServiceTest" assertions="1" time="0.080522"/>
        <testcase name="it handles API errors gracefully" file="tests/Unit/Services/KeluargaServiceTest.php::it handles API errors gracefully" class="Tests\Unit\Services\KeluargaServiceTest" classname="Tests.Unit.Services.KeluargaServiceTest" assertions="1" time="0.089434"/>
        <testcase name="it can export keluarga with null timestamps" file="tests/Unit/Services/KeluargaServiceTest.php::it can export keluarga with null timestamps" class="Tests\Unit\Services\KeluargaServiceTest" classname="Tests.Unit.Services.KeluargaServiceTest" assertions="3" time="0.057383"/>
      </testsuite>
      <testsuite name="Tests\Unit\Services\OtpServiceTest" file="tests/Unit/Services/OtpServiceTest.php" tests="29" assertions="76" errors="0" failures="0" skipped="0" time="2.212224">
        <testcase name="it can instantiate otp service" file="tests/Unit/Services/OtpServiceTest.php::it can instantiate otp service" class="Tests\Unit\Services\OtpServiceTest" classname="Tests.Unit.Services.OtpServiceTest" assertions="1" time="0.096833"/>
        <testcase name="it generates a valid OTP code" file="tests/Unit/Services/OtpServiceTest.php::it generates a valid OTP code" class="Tests\Unit\Services\OtpServiceTest" classname="Tests.Unit.Services.OtpServiceTest" assertions="5" time="0.067917"/>
        <testcase name="it generates unique OTP codes" file="tests/Unit/Services/OtpServiceTest.php::it generates unique OTP codes" class="Tests\Unit\Services\OtpServiceTest" classname="Tests.Unit.Services.OtpServiceTest" assertions="3" time="0.054175"/>
        <testcase name="it generates and saves OTP token" file="tests/Unit/Services/OtpServiceTest.php::it generates and saves OTP token" class="Tests\Unit\Services\OtpServiceTest" classname="Tests.Unit.Services.OtpServiceTest" assertions="8" time="0.065976"/>
        <testcase name="it deletes old tokens when generating new one" file="tests/Unit/Services/OtpServiceTest.php::it deletes old tokens when generating new one" class="Tests\Unit\Services\OtpServiceTest" classname="Tests.Unit.Services.OtpServiceTest" assertions="2" time="0.079021"/>
        <testcase name="it verifies correct OTP token" file="tests/Unit/Services/OtpServiceTest.php::it verifies correct OTP token" class="Tests\Unit\Services\OtpServiceTest" classname="Tests.Unit.Services.OtpServiceTest" assertions="4" time="0.123533"/>
        <testcase name="it rejects invalid OTP token" file="tests/Unit/Services/OtpServiceTest.php::it rejects invalid OTP token" class="Tests\Unit\Services\OtpServiceTest" classname="Tests.Unit.Services.OtpServiceTest" assertions="3" time="0.076802"/>
        <testcase name="it rejects expired OTP token" file="tests/Unit/Services/OtpServiceTest.php::it rejects expired OTP token" class="Tests\Unit\Services\OtpServiceTest" classname="Tests.Unit.Services.OtpServiceTest" assertions="2" time="0.078357"/>
        <testcase name="it rejects OTP when max attempts reached" file="tests/Unit/Services/OtpServiceTest.php::it rejects OTP when max attempts reached" class="Tests\Unit\Services\OtpServiceTest" classname="Tests.Unit.Services.OtpServiceTest" assertions="2" time="0.095160"/>
        <testcase name="it increments attempts on wrong OTP" file="tests/Unit/Services/OtpServiceTest.php::it increments attempts on wrong OTP" class="Tests\Unit\Services\OtpServiceTest" classname="Tests.Unit.Services.OtpServiceTest" assertions="3" time="0.087540"/>
        <testcase name="it supports different purposes" file="tests/Unit/Services/OtpServiceTest.php::it supports different purposes" class="Tests\Unit\Services\OtpServiceTest" classname="Tests.Unit.Services.OtpServiceTest" assertions="4" time="0.072158"/>
        <testcase name="it provides appropriate messages for different purposes" file="tests/Unit/Services/OtpServiceTest.php::it provides appropriate messages for different purposes" class="Tests\Unit\Services\OtpServiceTest" classname="Tests.Unit.Services.OtpServiceTest" assertions="3" time="0.087376"/>
        <testcase name="it can send OTP via email" file="tests/Unit/Services/OtpServiceTest.php::it can send OTP via email" class="Tests\Unit\Services\OtpServiceTest" classname="Tests.Unit.Services.OtpServiceTest" assertions="2" time="0.061166"/>
        <testcase name="it handles email sending failure" file="tests/Unit/Services/OtpServiceTest.php::it handles email sending failure" class="Tests\Unit\Services\OtpServiceTest" classname="Tests.Unit.Services.OtpServiceTest" assertions="1" time="0.080045"/>
        <testcase name="it can send OTP via Telegram" file="tests/Unit/Services/OtpServiceTest.php::it can send OTP via Telegram" class="Tests\Unit\Services\OtpServiceTest" classname="Tests.Unit.Services.OtpServiceTest" assertions="2" time="0.061480"/>
        <testcase name="it handles missing Telegram bot token" file="tests/Unit/Services/OtpServiceTest.php::it handles missing Telegram bot token" class="Tests\Unit\Services\OtpServiceTest" classname="Tests.Unit.Services.OtpServiceTest" assertions="1" time="0.058789"/>
        <testcase name="it handles Telegram API failure" file="tests/Unit/Services/OtpServiceTest.php::it handles Telegram API failure" class="Tests\Unit\Services\OtpServiceTest" classname="Tests.Unit.Services.OtpServiceTest" assertions="1" time="0.086574"/>
        <testcase name="it formats Telegram message correctly" file="tests/Unit/Services/OtpServiceTest.php::it formats Telegram message correctly" class="Tests\Unit\Services\OtpServiceTest" classname="Tests.Unit.Services.OtpServiceTest" assertions="4" time="0.057520"/>
        <testcase name="it can generate and send OTP via email" file="tests/Unit/Services/OtpServiceTest.php::it can generate and send OTP via email" class="Tests\Unit\Services\OtpServiceTest" classname="Tests.Unit.Services.OtpServiceTest" assertions="4" time="0.071178"/>
        <testcase name="it can generate and send OTP via Telegram" file="tests/Unit/Services/OtpServiceTest.php::it can generate and send OTP via Telegram" class="Tests\Unit\Services\OtpServiceTest" classname="Tests.Unit.Services.OtpServiceTest" assertions="3" time="0.068811"/>
        <testcase name="it handles unsupported channel" file="tests/Unit/Services/OtpServiceTest.php::it handles unsupported channel" class="Tests\Unit\Services\OtpServiceTest" classname="Tests.Unit.Services.OtpServiceTest" assertions="3" time="0.095089"/>
        <testcase name="it cleans up expired OTP tokens" file="tests/Unit/Services/OtpServiceTest.php::it cleans up expired OTP tokens" class="Tests\Unit\Services\OtpServiceTest" classname="Tests.Unit.Services.OtpServiceTest" assertions="3" time="0.078399"/>
        <testcase name="it can verify Telegram chat ID" file="tests/Unit/Services/OtpServiceTest.php::it can verify Telegram chat ID" class="Tests\Unit\Services\OtpServiceTest" classname="Tests.Unit.Services.OtpServiceTest" assertions="2" time="0.060044"/>
        <testcase name="it handles invalid Telegram chat ID" file="tests/Unit/Services/OtpServiceTest.php::it handles invalid Telegram chat ID" class="Tests\Unit\Services\OtpServiceTest" classname="Tests.Unit.Services.OtpServiceTest" assertions="1" time="0.051934"/>
        <testcase name="it handles missing Telegram bot token when verifying chat ID" file="tests/Unit/Services/OtpServiceTest.php::it handles missing Telegram bot token when verifying chat ID" class="Tests\Unit\Services\OtpServiceTest" classname="Tests.Unit.Services.OtpServiceTest" assertions="1" time="0.074027"/>
        <testcase name="it prevents multiple verifications of same OTP" file="tests/Unit/Services/OtpServiceTest.php::it prevents multiple verifications of same OTP" class="Tests\Unit\Services\OtpServiceTest" classname="Tests.Unit.Services.OtpServiceTest" assertions="3" time="0.078389"/>
        <testcase name="it handles non-existent token verification" file="tests/Unit/Services/OtpServiceTest.php::it handles non-existent token verification" class="Tests\Unit\Services\OtpServiceTest" classname="Tests.Unit.Services.OtpServiceTest" assertions="2" time="0.062943"/>
        <testcase name="it respects custom expiry time" file="tests/Unit/Services/OtpServiceTest.php::it respects custom expiry time" class="Tests\Unit\Services\OtpServiceTest" classname="Tests.Unit.Services.OtpServiceTest" assertions="1" time="0.068352"/>
        <testcase name="it logs errors when sending email fails" file="tests/Unit/Services/OtpServiceTest.php::it logs errors when sending email fails" class="Tests\Unit\Services\OtpServiceTest" classname="Tests.Unit.Services.OtpServiceTest" assertions="2" time="0.112635"/>
      </testsuite>
      <testsuite name="Tests\Unit\Services\PendudukServiceTest" file="tests/Unit/Services/PendudukServiceTest.php" tests="14" assertions="44" errors="0" failures="0" skipped="0" time="0.856432">
        <testcase name="it can instantiate penduduk service" file="tests/Unit/Services/PendudukServiceTest.php::it can instantiate penduduk service" class="Tests\Unit\Services\PendudukServiceTest" classname="Tests.Unit.Services.PendudukServiceTest" assertions="1" time="0.120773"/>
        <testcase name="it can get jumlah penduduk from API" file="tests/Unit/Services/PendudukServiceTest.php::it can get jumlah penduduk from API" class="Tests\Unit\Services\PendudukServiceTest" classname="Tests.Unit.Services.PendudukServiceTest" assertions="1" time="0.050662"/>
        <testcase name="it returns 0 when API response has no total" file="tests/Unit/Services/PendudukServiceTest.php::it returns 0 when API response has no total" class="Tests\Unit\Services\PendudukServiceTest" classname="Tests.Unit.Services.PendudukServiceTest" assertions="1" time="0.070869"/>
        <testcase name="it can get desa list from API" file="tests/Unit/Services/PendudukServiceTest.php::it can get desa list from API" class="Tests\Unit\Services\PendudukServiceTest" classname="Tests.Unit.Services.PendudukServiceTest" assertions="4" time="0.056410"/>
        <testcase name="it can export penduduk data from API" file="tests/Unit/Services/PendudukServiceTest.php::it can export penduduk data from API" class="Tests\Unit\Services\PendudukServiceTest" classname="Tests.Unit.Services.PendudukServiceTest" assertions="12" time="0.055591"/>
        <testcase name="it can check penduduk by NIK and birth date" file="tests/Unit/Services/PendudukServiceTest.php::it can check penduduk by NIK and birth date" class="Tests\Unit\Services\PendudukServiceTest" classname="Tests.Unit.Services.PendudukServiceTest" assertions="3" time="0.051927"/>
        <testcase name="it returns null when penduduk not found by NIK" file="tests/Unit/Services/PendudukServiceTest.php::it returns null when penduduk not found by NIK" class="Tests\Unit\Services\PendudukServiceTest" classname="Tests.Unit.Services.PendudukServiceTest" assertions="1" time="0.074407"/>
        <testcase name="it returns null when API request fails" file="tests/Unit/Services/PendudukServiceTest.php::it returns null when API request fails" class="Tests\Unit\Services\PendudukServiceTest" classname="Tests.Unit.Services.PendudukServiceTest" assertions="1" time="0.051573"/>
        <testcase name="it handles exceptions gracefully" file="tests/Unit/Services/PendudukServiceTest.php::it handles exceptions gracefully" class="Tests\Unit\Services\PendudukServiceTest" classname="Tests.Unit.Services.PendudukServiceTest" assertions="1" time="0.054490"/>
        <testcase name="it can apply filters to jumlah penduduk" file="tests/Unit/Services/PendudukServiceTest.php::it can apply filters to jumlah penduduk" class="Tests\Unit\Services\PendudukServiceTest" classname="Tests.Unit.Services.PendudukServiceTest" assertions="1" time="0.049431"/>
        <testcase name="it can apply filters to desa list" file="tests/Unit/Services/PendudukServiceTest.php::it can apply filters to desa list" class="Tests\Unit\Services\PendudukServiceTest" classname="Tests.Unit.Services.PendudukServiceTest" assertions="2" time="0.074563"/>
        <testcase name="it can export penduduk with pagination" file="tests/Unit/Services/PendudukServiceTest.php::it can export penduduk with pagination" class="Tests\Unit\Services\PendudukServiceTest" classname="Tests.Unit.Services.PendudukServiceTest" assertions="3" time="0.048025"/>
        <testcase name="it can export penduduk with search term" file="tests/Unit/Services/PendudukServiceTest.php::it can export penduduk with search term" class="Tests\Unit\Services\PendudukServiceTest" classname="Tests.Unit.Services.PendudukServiceTest" assertions="2" time="0.049876"/>
        <testcase name="it handles missing attributes in export data" file="tests/Unit/Services/PendudukServiceTest.php::it handles missing attributes in export data" class="Tests\Unit\Services\PendudukServiceTest" classname="Tests.Unit.Services.PendudukServiceTest" assertions="11" time="0.047833"/>
      </testsuite>
      <testsuite name="Tests\Unit\TwoFactorServiceTest" file="tests/Unit/TwoFactorServiceTest.php" tests="11" assertions="28" errors="0" failures="0" skipped="0" time="0.975741">
        <testcase name="generate and send creates otp token for 2fa activation" file="tests/Unit/TwoFactorServiceTest.php::generate and send creates otp token for 2fa activation" class="Tests\Unit\TwoFactorServiceTest" classname="Tests.Unit.TwoFactorServiceTest" assertions="4" time="0.141075"/>
        <testcase name="generate and send creates otp token for 2fa login" file="tests/Unit/TwoFactorServiceTest.php::generate and send creates otp token for 2fa login" class="Tests\Unit\TwoFactorServiceTest" classname="Tests.Unit.TwoFactorServiceTest" assertions="4" time="0.061891"/>
        <testcase name="verify otp with valid code for 2fa activation succeeds" file="tests/Unit/TwoFactorServiceTest.php::verify otp with valid code for 2fa activation succeeds" class="Tests\Unit\TwoFactorServiceTest" classname="Tests.Unit.TwoFactorServiceTest" assertions="3" time="0.067927"/>
        <testcase name="verify otp with valid code for 2fa login succeeds" file="tests/Unit/TwoFactorServiceTest.php::verify otp with valid code for 2fa login succeeds" class="Tests\Unit\TwoFactorServiceTest" classname="Tests.Unit.TwoFactorServiceTest" assertions="3" time="0.085639"/>
        <testcase name="verify otp with invalid code for 2fa activation fails" file="tests/Unit/TwoFactorServiceTest.php::verify otp with invalid code for 2fa activation fails" class="Tests\Unit\TwoFactorServiceTest" classname="Tests.Unit.TwoFactorServiceTest" assertions="2" time="0.066016"/>
        <testcase name="verify otp with invalid code for 2fa login fails" file="tests/Unit/TwoFactorServiceTest.php::verify otp with invalid code for 2fa login fails" class="Tests\Unit\TwoFactorServiceTest" classname="Tests.Unit.TwoFactorServiceTest" assertions="2" time="0.080966"/>
        <testcase name="verify otp fails after max attempts for 2fa activation" file="tests/Unit/TwoFactorServiceTest.php::verify otp fails after max attempts for 2fa activation" class="Tests\Unit\TwoFactorServiceTest" classname="Tests.Unit.TwoFactorServiceTest" assertions="2" time="0.085654"/>
        <testcase name="verify otp fails after max attempts for 2fa login" file="tests/Unit/TwoFactorServiceTest.php::verify otp fails after max attempts for 2fa login" class="Tests\Unit\TwoFactorServiceTest" classname="Tests.Unit.TwoFactorServiceTest" assertions="2" time="0.139660"/>
        <testcase name="verify otp fails with expired token for 2fa activation" file="tests/Unit/TwoFactorServiceTest.php::verify otp fails with expired token for 2fa activation" class="Tests\Unit\TwoFactorServiceTest" classname="Tests.Unit.TwoFactorServiceTest" assertions="2" time="0.085407"/>
        <testcase name="verify otp fails with expired token for 2fa login" file="tests/Unit/TwoFactorServiceTest.php::verify otp fails with expired token for 2fa login" class="Tests\Unit\TwoFactorServiceTest" classname="Tests.Unit.TwoFactorServiceTest" assertions="2" time="0.088330"/>
        <testcase name="otp token relationship with user for 2fa" file="tests/Unit/TwoFactorServiceTest.php::otp token relationship with user for 2fa" class="Tests\Unit\TwoFactorServiceTest" classname="Tests.Unit.TwoFactorServiceTest" assertions="2" time="0.073176"/>
      </testsuite>
    </testsuite>
  </testsuite>
</testsuites>
